#
# There is insufficient memory for the Java Runtime Environment to continue.
# Native memory allocation (mmap) failed to map 65536 bytes for Failed to commit metaspace.
# Possible reasons:
#   The system is out of physical RAM or swap space
#   The process is running with CompressedOops enabled, and the Java Heap may be blocking the growth of the native heap
# Possible solutions:
#   Reduce memory load on the system
#   Increase physical memory or swap space
#   Check if swap backing store is full
#   Decrease Java heap size (-Xmx/-Xms)
#   Decrease number of Java threads
#   Decrease Java thread stack sizes (-Xss)
#   Set larger code cache with -XX:ReservedCodeCacheSize=
#   JVM is running with Zero Based Compressed Oops mode in which the Java heap is
#     placed in the first 32GB address space. The Java Heap base address is the
#     maximum limit for the native heap growth. Please use -XX:HeapBaseMinAddress
#     to set the Java Heap base and to place the Java Heap above 32GB virtual address.
# This output file may be truncated or incomplete.
#
#  Out of Memory Error (virtualSpaceNode.cpp:110), pid=14116, tid=28560
#
# JRE version: OpenJDK Runtime Environment GraalVM CE 22.0.0-dev (17.0+35) (build 17+35-jvmci-21.3-b03)
# Java VM: OpenJDK 64-Bit Server VM GraalVM CE 22.0.0-dev (17+35-jvmci-21.3-b03, mixed mode, sharing, tiered, jvmci, jvmci compiler, compressed oops, compressed class ptrs, g1 gc, windows-amd64)
# No core dump will be written. Minidumps are not enabled by default on client versions of Windows
#

---------------  S U M M A R Y ------------

Command Line: -XX:ThreadPriorityPolicy=1 -XX:+UnlockExperimentalVMOptions -XX:+EnableJVMCIProduct -XX:-UnlockExperimentalVMOptions -Dorg.graalvm.launcher.shell=true -Dorg.graalvm.launcher.executablename=c:\Users\Rani Jammal\Desktop\graalvm-ce-java17-22.0.0-dev\lib\polyglot\bin\polyglot.cmd org.graalvm.launcher.PolyglotLauncher --lsp=33776 --experimental-options --shell

Host: Intel(R) Core(TM) i7-8700 CPU @ 3.20GHz, 12 cores, 15G,  Windows 10 , 64 bit Build 19041 (10.0.19041.1348)
Time: Thu Nov 25 00:25:05 2021 Jerusalem Standard Time elapsed time: 77.080103 seconds (0d 0h 1m 17s)

---------------  T H R E A D  ---------------

Current thread (0x000001518c2015f0):  JavaThread "LS Context-aware Worker" [_thread_in_vm, id=28560, stack(0x0000004db6d00000,0x0000004db6e00000)]

Stack: [0x0000004db6d00000,0x0000004db6e00000]
Native frames: (J=compiled Java code, j=interpreted, Vv=VM code, C=native code)
V  [jvm.dll+0x670b7a]
V  [jvm.dll+0x7cf294]
V  [jvm.dll+0x7d0a3e]
V  [jvm.dll+0x7d10f3]
V  [jvm.dll+0x242bb5]
V  [jvm.dll+0x7cb23b]
V  [jvm.dll+0x616cd6]
V  [jvm.dll+0x1be28e]
V  [jvm.dll+0x619611]
V  [jvm.dll+0x617676]
V  [jvm.dll+0x24067c]
V  [jvm.dll+0x6c703d]
V  [jvm.dll+0x6c7a6f]
V  [jvm.dll+0x36c0f3]
V  [jvm.dll+0x36b2b2]
V  [jvm.dll+0x36b258]
V  [jvm.dll+0x55a405]
V  [jvm.dll+0x55952d]
V  [jvm.dll+0x37ef57]
V  [jvm.dll+0x37e5af]
C  0x00000151e870a6cc

Java frames: (J=compiled Java code, j=interpreted, Vv=VM code)
j  com.oracle.truffle.js.nodes.NodeFactory.createAsyncGeneratorBody(Lcom/oracle/truffle/js/runtime/JSContext;Lcom/oracle/truffle/js/nodes/JavaScriptNode;Lcom/oracle/truffle/js/nodes/access/JSWriteFrameSlotNode;Lcom/oracle/truffle/js/nodes/access/JSReadFrameSlotNode;Lcom/oracle/truffle/js/nodes/access/JSWriteFrameSlotNode;Lcom/oracle/truffle/js/nodes/access/JSReadFrameSlotNode;)Lcom/oracle/truffle/js/nodes/JavaScriptNode;+9
j  com.oracle.truffle.js.parser.GraalJSTranslator.handleAsyncGeneratorBody(Lcom/oracle/truffle/js/nodes/JavaScriptNode;)Lcom/oracle/truffle/js/nodes/JavaScriptNode;+146
j  com.oracle.truffle.js.parser.GraalJSTranslator.finishGeneratorBody(Lcom/oracle/truffle/js/nodes/JavaScriptNode;)Lcom/oracle/truffle/js/nodes/JavaScriptNode;+39
J 5961 jvmci com.oracle.truffle.js.parser.GraalJSTranslator.enterBlock(Lcom/oracle/js/parser/ir/Block;)Lcom/oracle/truffle/js/nodes/JavaScriptNode; (384 bytes) @ 0x00000151f04c38cc [0x00000151f04c2320+0x00000000000015ac]
J 5933 jvmci com.oracle.truffle.js.parser.GraalJSTranslator.enterFunctionNode(Lcom/oracle/js/parser/ir/FunctionNode;)Lcom/oracle/truffle/js/nodes/JavaScriptNode; (1034 bytes) @ 0x00000151f04b004c [0x00000151f04af620+0x0000000000000a2c]
J 5041 jvmci com.oracle.js.parser.ir.FunctionNode.accept(Lcom/oracle/js/parser/ir/LexicalContext;Lcom/oracle/js/parser/ir/visitor/TranslatorNodeVisitor;)Ljava/lang/Object; (6 bytes) @ 0x00000151f03ea24c [0x00000151f03ea200+0x000000000000004c]
J 5033 jvmci com.oracle.js.parser.ir.LexicalContextExpression.accept(Lcom/oracle/js/parser/ir/visitor/TranslatorNodeVisitor;)Ljava/lang/Object; (6 bytes) @ 0x00000151f03e92ac [0x00000151f03e9220+0x000000000000008c]
J 4134 jvmci com.oracle.truffle.js.parser.GraalJSTranslator.transformArgs(Ljava/util/List;)[Lcom/oracle/truffle/js/nodes/JavaScriptNode; (68 bytes) @ 0x00000151f035a4fb [0x00000151f035a2c0+0x000000000000023b]
J 5346 jvmci com.oracle.truffle.js.parser.GraalJSTranslator.enterCallNode(Lcom/oracle/js/parser/ir/CallNode;)Lcom/oracle/truffle/js/nodes/JavaScriptNode; (189 bytes) @ 0x00000151f045079c [0x00000151f0450640+0x000000000000015c]
J 5334 jvmci com.oracle.js.parser.ir.CallNode.accept(Lcom/oracle/js/parser/ir/visitor/TranslatorNodeVisitor;)Ljava/lang/Object; (6 bytes) @ 0x00000151f044e04c [0x00000151f044e000+0x000000000000004c]
J 4121 jvmci com.oracle.truffle.js.parser.GraalJSTranslator.enterAccessNode(Lcom/oracle/js/parser/ir/AccessNode;)Lcom/oracle/truffle/js/nodes/JavaScriptNode; (39 bytes) @ 0x00000151f035655d [0x00000151f03564e0+0x000000000000007d]
J 4154 jvmci com.oracle.js.parser.ir.AccessNode.accept(Lcom/oracle/js/parser/ir/visitor/TranslatorNodeVisitor;)Ljava/lang/Object; (6 bytes) @ 0x00000151f035eecc [0x00000151f035ee80+0x000000000000004c]
J 4134 jvmci com.oracle.truffle.js.parser.GraalJSTranslator.transformArgs(Ljava/util/List;)[Lcom/oracle/truffle/js/nodes/JavaScriptNode; (68 bytes) @ 0x00000151f035a4fb [0x00000151f035a2c0+0x000000000000023b]
J 5346 jvmci com.oracle.truffle.js.parser.GraalJSTranslator.enterCallNode(Lcom/oracle/js/parser/ir/CallNode;)Lcom/oracle/truffle/js/nodes/JavaScriptNode; (189 bytes) @ 0x00000151f045079c [0x00000151f0450640+0x000000000000015c]
J 5334 jvmci com.oracle.js.parser.ir.CallNode.accept(Lcom/oracle/js/parser/ir/visitor/TranslatorNodeVisitor;)Ljava/lang/Object; (6 bytes) @ 0x00000151f044e04c [0x00000151f044e000+0x000000000000004c]
J 4311 jvmci com.oracle.truffle.js.parser.GraalJSTranslator.createVarAssignNode(Lcom/oracle/js/parser/ir/VarNode;Ljava/lang/String;)Lcom/oracle/truffle/js/nodes/JavaScriptNode; (199 bytes) @ 0x00000151f03861d8 [0x00000151f0386160+0x0000000000000078]
J 5321 jvmci com.oracle.js.parser.ir.VarNode.accept(Lcom/oracle/js/parser/ir/visitor/TranslatorNodeVisitor;)Ljava/lang/Object; (6 bytes) @ 0x00000151f044572c [0x00000151f0445680+0x00000000000000ac]
J 5827 jvmci com.oracle.truffle.js.parser.GraalJSTranslator.transformStatements(Ljava/util/List;ZZ[Lcom/oracle/truffle/js/nodes/JavaScriptNode;I)Lcom/oracle/truffle/js/nodes/JavaScriptNode; (165 bytes) @ 0x00000151f04296dd [0x00000151f04292a0+0x000000000000043d]
J 5961 jvmci com.oracle.truffle.js.parser.GraalJSTranslator.enterBlock(Lcom/oracle/js/parser/ir/Block;)Lcom/oracle/truffle/js/nodes/JavaScriptNode; (384 bytes) @ 0x00000151f04c2cac [0x00000151f04c2320+0x000000000000098c]
J 5933 jvmci com.oracle.truffle.js.parser.GraalJSTranslator.enterFunctionNode(Lcom/oracle/js/parser/ir/FunctionNode;)Lcom/oracle/truffle/js/nodes/JavaScriptNode; (1034 bytes) @ 0x00000151f04b004c [0x00000151f04af620+0x0000000000000a2c]
J 6196 jvmci com.oracle.truffle.js.parser.JavaScriptTranslator.translateScript(Lcom/oracle/truffle/js/nodes/NodeFactory;Lcom/oracle/truffle/js/runtime/JSContext;Lcom/oracle/truffle/js/parser/env/Environment;Lcom/oracle/truffle/api/source/Source;ZZZLcom/oracle/truffle/js/parser/DirectEvalContext;Ljava/lang/String;Ljava/lang/String;[Ljava/lang/String;)Lcom/oracle/truffle/js/nodes/ScriptNode; (114 bytes) @ 0x00000151f053060c [0x00000151f05302c0+0x000000000000034c]
J 6212 jvmci com.oracle.truffle.js.lang.JavaScriptLanguage.parse(Lcom/oracle/truffle/api/TruffleLanguage$ParsingRequest;)Lcom/oracle/truffle/api/CallTarget; (64 bytes) @ 0x00000151f053535c [0x00000151f05350a0+0x00000000000002bc]
J 6155 jvmci com.oracle.truffle.polyglot.EngineAccessor$EngineImpl.parseForLanguage(Ljava/lang/Object;Lcom/oracle/truffle/api/source/Source;[Ljava/lang/String;Z)Lcom/oracle/truffle/api/CallTarget; org.graalvm.truffle (96 bytes) @ 0x00000151f0507872 [0x00000151f0507280+0x00000000000005f2]
J 6215 jvmci org.graalvm.tools.lsp.server.request.SourceCodeEvaluator.parse(Lorg/graalvm/tools/lsp/server/utils/TextDocumentSurrogate;)Lcom/oracle/truffle/api/CallTarget; (208 bytes) @ 0x00000151f0537ecc [0x00000151f0537520+0x00000000000009ac]
J 5994 jvmci org.graalvm.tools.lsp.server.TruffleAdapter$WorkspaceWalker.visitFile(Ljava/nio/file/Path;Ljava/nio/file/attribute/BasicFileAttributes;)Ljava/nio/file/FileVisitResult; (100 bytes) @ 0x00000151f04d6714 [0x00000151f04d60c0+0x0000000000000654]
J 5795 jvmci org.graalvm.tools.lsp.server.TruffleAdapter$WorkspaceWalker.visitFile(Ljava/lang/Object;Ljava/nio/file/attribute/BasicFileAttributes;)Ljava/nio/file/FileVisitResult; (10 bytes) @ 0x00000151f0388f6c [0x00000151f0388f20+0x000000000000004c]
j  java.nio.file.Files.walkFileTree(Ljava/nio/file/Path;Ljava/util/Set;ILjava/nio/file/FileVisitor;)Ljava/nio/file/Path;+101 java.base@17
j  java.nio.file.Files.walkFileTree(Ljava/nio/file/Path;Ljava/nio/file/FileVisitor;)Ljava/nio/file/Path;+11 java.base@17
j  org.graalvm.tools.lsp.server.TruffleAdapter.lambda$parseWorkspace$5(Ljava/nio/file/Path;)Ljava/util/List;+109
j  org.graalvm.tools.lsp.server.TruffleAdapter$$Lambda$88+0x0000000800d1e6c0.call()Ljava/lang/Object;+8
j  java.util.concurrent.FutureTask.run()V+39 java.base@17
j  java.util.concurrent.ThreadPoolExecutor.runWorker(Ljava/util/concurrent/ThreadPoolExecutor$Worker;)V+92 java.base@17
j  java.util.concurrent.ThreadPoolExecutor$Worker.run()V+5 java.base@17
j  java.lang.Thread.run()V+11 java.base@17
v  ~StubRoutines::call_stub

---------------  P R O C E S S  ---------------

Threads class SMR info:
_java_thread_list=0x0000015184913d10, length=18, elements={
0x00000151df462600, 0x00000151fff84bd0, 0x00000151fff868f0, 0x00000151fff94e30,
0x00000151fff99900, 0x00000151fff9a2b0, 0x00000151fff9ac60, 0x00000151fff9b940,
0x00000151fff9e340, 0x00000151fff9f4d0, 0x00000151849c2d10, 0x0000015184a1d560,
0x000001518c1f9aa0, 0x000001518c2015f0, 0x000001518c15a5b0, 0x000001518c3d8260,
0x000001518c3d8d60, 0x000001518c687a20
}

Java Threads: ( => current thread )
  0x00000151df462600 JavaThread "main" [_thread_blocked, id=15908, stack(0x0000004db5a00000,0x0000004db5b00000)]
  0x00000151fff84bd0 JavaThread "Reference Handler" daemon [_thread_blocked, id=7920, stack(0x0000004db6100000,0x0000004db6200000)]
  0x00000151fff868f0 JavaThread "Finalizer" daemon [_thread_blocked, id=27668, stack(0x0000004db6200000,0x0000004db6300000)]
  0x00000151fff94e30 JavaThread "Signal Dispatcher" daemon [_thread_blocked, id=28172, stack(0x0000004db6300000,0x0000004db6400000)]
  0x00000151fff99900 JavaThread "Attach Listener" daemon [_thread_blocked, id=22720, stack(0x0000004db6400000,0x0000004db6500000)]
  0x00000151fff9a2b0 JavaThread "Service Thread" daemon [_thread_blocked, id=9004, stack(0x0000004db6500000,0x0000004db6600000)]
  0x00000151fff9ac60 JavaThread "Monitor Deflation Thread" daemon [_thread_blocked, id=28232, stack(0x0000004db6600000,0x0000004db6700000)]
  0x00000151fff9b940 JavaThread "JVMCI-native CompilerThread0" daemon [_thread_blocked, id=27616, stack(0x0000004db6700000,0x0000004db6800000)]
  0x00000151fff9e340 JavaThread "C1 CompilerThread0" daemon [_thread_blocked, id=15248, stack(0x0000004db6800000,0x0000004db6900000)]
  0x00000151fff9f4d0 JavaThread "Sweeper thread" daemon [_thread_blocked, id=22396, stack(0x0000004db6900000,0x0000004db6a00000)]
  0x00000151849c2d10 JavaThread "Common-Cleaner" daemon [_thread_blocked, id=26464, stack(0x0000004db6a00000,0x0000004db6b00000)]
  0x0000015184a1d560 JavaThread "Notification Thread" daemon [_thread_blocked, id=19504, stack(0x0000004db6b00000,0x0000004db6c00000)]
  0x000001518c1f9aa0 JavaThread "Libgraal MBean Registration" daemon [_thread_blocked, id=21012, stack(0x0000004db6f00000,0x0000004db7000000)]
=>0x000001518c2015f0 JavaThread "LS Context-aware Worker" [_thread_in_vm, id=28560, stack(0x0000004db6d00000,0x0000004db6e00000)]
  0x000001518c15a5b0 JavaThread "LSP client connection thread" [_thread_blocked, id=16248, stack(0x0000004db7100000,0x0000004db7200000)]
  0x000001518c3d8260 JavaThread "LSP client request handler pool-3-thread-1" [_thread_in_native, id=7888, stack(0x0000004db7200000,0x0000004db7300000)]
  0x000001518c3d8d60 JavaThread "ForkJoinPool.commonPool-worker-1" daemon [_thread_blocked, id=21148, stack(0x0000004db7300000,0x0000004db7400000)]
  0x000001518c687a20 JavaThread "JLine terminal non blocking reader thread" daemon [_thread_in_native, id=10860, stack(0x0000004db6e00000,0x0000004db6f00000)]

Other Threads:
  0x00000151fff7b670 VMThread "VM Thread" [stack: 0x0000004db6000000,0x0000004db6100000] [id=24840]
  0x0000015184a20a50 WatcherThread [stack: 0x0000004db6c00000,0x0000004db6d00000] [id=13416]
  0x00000151df4b3a90 GCTaskThread "GC Thread#0" [stack: 0x0000004db5b00000,0x0000004db5c00000] [id=17584]
  0x000001518c4f83e0 GCTaskThread "GC Thread#1" [stack: 0x0000004db7400000,0x0000004db7500000] [id=812]
  0x000001518c4f8690 GCTaskThread "GC Thread#2" [stack: 0x0000004db7500000,0x0000004db7600000] [id=4848]
  0x000001518c50d250 GCTaskThread "GC Thread#3" [stack: 0x0000004db7600000,0x0000004db7700000] [id=28444]
  0x000001518c50d500 GCTaskThread "GC Thread#4" [stack: 0x0000004db7700000,0x0000004db7800000] [id=2292]
  0x000001518c50d7b0 GCTaskThread "GC Thread#5" [stack: 0x0000004db7800000,0x0000004db7900000] [id=9616]
  0x000001518c50da60 GCTaskThread "GC Thread#6" [stack: 0x0000004db7900000,0x0000004db7a00000] [id=23068]
  0x000001518c482910 GCTaskThread "GC Thread#7" [stack: 0x0000004db7a00000,0x0000004db7b00000] [id=17740]
  0x000001518c53dee0 GCTaskThread "GC Thread#8" [stack: 0x0000004db7b00000,0x0000004db7c00000] [id=14200]
  0x000001518c53e9a0 GCTaskThread "GC Thread#9" [stack: 0x0000004db7c00000,0x0000004db7d00000] [id=13916]
  0x00000151df4c5a60 ConcurrentGCThread "G1 Main Marker" [stack: 0x0000004db5c00000,0x0000004db5d00000] [id=24760]
  0x00000151df4c6470 ConcurrentGCThread "G1 Conc#0" [stack: 0x0000004db5d00000,0x0000004db5e00000] [id=11760]
  0x000001518c855a80 ConcurrentGCThread "G1 Conc#1" [stack: 0x0000004db7d00000,0x0000004db7e00000] [id=27912]
  0x000001518c802a40 ConcurrentGCThread "G1 Conc#2" [stack: 0x0000004db7e00000,0x0000004db7f00000] [id=24208]
  0x00000151df53e0d0 ConcurrentGCThread "G1 Refine#0" [stack: 0x0000004db5e00000,0x0000004db5f00000] [id=27124]
  0x000001518c87c7a0 ConcurrentGCThread "G1 Refine#1" [stack: 0x0000004db7000000,0x0000004db7100000] [id=14992]
  0x000001518e419030 ConcurrentGCThread "G1 Refine#2" [stack: 0x0000004db7f00000,0x0000004db8000000] [id=11724]
  0x000001518c2d17d0 ConcurrentGCThread "G1 Refine#3" [stack: 0x0000004db8000000,0x0000004db8100000] [id=26888]
  0x00000151849cec00 ConcurrentGCThread "G1 Refine#4" [stack: 0x0000004db8100000,0x0000004db8200000] [id=25000]
  0x000001518e565400 ConcurrentGCThread "G1 Refine#5" [stack: 0x0000004db8200000,0x0000004db8300000] [id=7272]
  0x000001518e566260 ConcurrentGCThread "G1 Refine#6" [stack: 0x0000004db8400000,0x0000004db8500000] [id=23940]
  0x000001518e566540 ConcurrentGCThread "G1 Refine#7" [stack: 0x0000004db8500000,0x0000004db8600000] [id=744]
  0x000001518e566820 ConcurrentGCThread "G1 Refine#8" [stack: 0x0000004db8600000,0x0000004db8700000] [id=18456]
  0x000001518e564e40 ConcurrentGCThread "G1 Refine#9" [stack: 0x0000004db5800000,0x0000004db5900000] [id=20016]
  0x00000151df53eaf0 ConcurrentGCThread "G1 Service" [stack: 0x0000004db5f00000,0x0000004db6000000] [id=11224]

Threads with active compile tasks:

VM state: not at safepoint (normal execution)

VM Mutex/Monitor currently owned by a thread:  ([mutex/lock_event])
[0x00000151df44f8d0] Metaspace_lock - owner thread: 0x000001518c2015f0

Heap address: 0x0000000703800000, size: 4040 MB, Compressed Oops mode: Zero based, Oop shift amount: 3

CDS archive(s) mapped at: [0x0000000800000000-0x0000000800bc0000-0x0000000800bc0000), size 12320768, SharedBaseAddress: 0x0000000800000000, ArchiveRelocationMode: 0.
Compressed class space mapped at: 0x0000000800c00000-0x0000000840c00000, reserved size: 1073741824
Narrow klass base: 0x0000000800000000, Narrow klass shift: 0, Narrow klass range: 0x100000000

GC Precious Log:
 CPUs: 12 total, 12 available
 Memory: 16158M
 Large Page Support: Disabled
 NUMA Support: Disabled
 Compressed Oops: Enabled (Zero based)
 Heap Region Size: 2M
 Heap Min Capacity: 8M
 Heap Initial Capacity: 254M
 Heap Max Capacity: 4040M
 Pre-touch: Disabled
 Parallel Workers: 10
 Concurrent Workers: 3
 Concurrent Refinement Workers: 10
 Periodic GC: Disabled

Heap:
 garbage-first heap   total 477184K, used 380589K [0x0000000703800000, 0x0000000800000000)
  region size 2048K, 38 young (77824K), 6 survivors (12288K)
 Metaspace       used 28200K, committed 28416K, reserved 1081344K
  class space    used 2805K, committed 2944K, reserved 1048576K

Heap Regions: E=young(eden), S=young(survivor), O=old, HS=humongous(starts), HC=humongous(continues), CS=collection set, F=free, OA=open archive, CA=closed archive, TAMS=top-at-mark-start (previous, next)
|   0|0x0000000703800000, 0x0000000703a00000, 0x0000000703a00000|100%| O|  |TAMS 0x0000000703a00000, 0x0000000703800000| Untracked 
|   1|0x0000000703a00000, 0x0000000703c00000, 0x0000000703c00000|100%| O|  |TAMS 0x0000000703c00000, 0x0000000703a00000| Untracked 
|   2|0x0000000703c00000, 0x0000000703e00000, 0x0000000703e00000|100%| O|  |TAMS 0x0000000703e00000, 0x0000000703c00000| Untracked 
|   3|0x0000000703e00000, 0x0000000704000000, 0x0000000704000000|100%| O|  |TAMS 0x0000000704000000, 0x0000000703e00000| Untracked 
|   4|0x0000000704000000, 0x0000000704200000, 0x0000000704200000|100%| O|  |TAMS 0x0000000704200000, 0x0000000704000000| Untracked 
|   5|0x0000000704200000, 0x0000000704400000, 0x0000000704400000|100%| O|  |TAMS 0x0000000704400000, 0x0000000704200000| Untracked 
|   6|0x0000000704400000, 0x0000000704600000, 0x0000000704600000|100%| O|  |TAMS 0x0000000704600000, 0x0000000704400000| Untracked 
|   7|0x0000000704600000, 0x0000000704800000, 0x0000000704800000|100%| O|  |TAMS 0x0000000704800000, 0x0000000704600000| Untracked 
|   8|0x0000000704800000, 0x0000000704a00000, 0x0000000704a00000|100%| O|  |TAMS 0x0000000704a00000, 0x0000000704800000| Untracked 
|   9|0x0000000704a00000, 0x0000000704c00000, 0x0000000704c00000|100%| O|  |TAMS 0x0000000704c00000, 0x0000000704a00000| Untracked 
|  10|0x0000000704c00000, 0x0000000704e00000, 0x0000000704e00000|100%| O|  |TAMS 0x0000000704e00000, 0x0000000704c00000| Untracked 
|  11|0x0000000704e00000, 0x0000000705000000, 0x0000000705000000|100%| O|  |TAMS 0x0000000705000000, 0x0000000704e00000| Untracked 
|  12|0x0000000705000000, 0x0000000705200000, 0x0000000705200000|100%| O|  |TAMS 0x0000000705200000, 0x0000000705000000| Untracked 
|  13|0x0000000705200000, 0x0000000705400000, 0x0000000705400000|100%| O|  |TAMS 0x0000000705400000, 0x0000000705200000| Untracked 
|  14|0x0000000705400000, 0x0000000705600000, 0x0000000705600000|100%| O|  |TAMS 0x0000000705600000, 0x0000000705400000| Untracked 
|  15|0x0000000705600000, 0x0000000705800000, 0x0000000705800000|100%| O|  |TAMS 0x0000000705800000, 0x0000000705600000| Untracked 
|  16|0x0000000705800000, 0x0000000705a00000, 0x0000000705a00000|100%| O|  |TAMS 0x0000000705a00000, 0x0000000705800000| Untracked 
|  17|0x0000000705a00000, 0x0000000705c00000, 0x0000000705c00000|100%| O|  |TAMS 0x0000000705c00000, 0x0000000705a00000| Untracked 
|  18|0x0000000705c00000, 0x0000000705e00000, 0x0000000705e00000|100%| O|  |TAMS 0x0000000705e00000, 0x0000000705c00000| Untracked 
|  19|0x0000000705e00000, 0x0000000706000000, 0x0000000706000000|100%| O|  |TAMS 0x0000000706000000, 0x0000000705e00000| Untracked 
|  20|0x0000000706000000, 0x0000000706200000, 0x0000000706200000|100%| O|  |TAMS 0x0000000706200000, 0x0000000706000000| Untracked 
|  21|0x0000000706200000, 0x0000000706400000, 0x0000000706400000|100%| O|  |TAMS 0x0000000706400000, 0x0000000706200000| Untracked 
|  22|0x0000000706400000, 0x0000000706600000, 0x0000000706600000|100%| O|  |TAMS 0x0000000706600000, 0x0000000706400000| Untracked 
|  23|0x0000000706600000, 0x0000000706800000, 0x0000000706800000|100%| O|  |TAMS 0x0000000706800000, 0x0000000706600000| Untracked 
|  24|0x0000000706800000, 0x0000000706a00000, 0x0000000706a00000|100%| O|  |TAMS 0x0000000706a00000, 0x0000000706800000| Untracked 
|  25|0x0000000706a00000, 0x0000000706c00000, 0x0000000706c00000|100%| O|  |TAMS 0x0000000706c00000, 0x0000000706a00000| Untracked 
|  26|0x0000000706c00000, 0x0000000706e00000, 0x0000000706e00000|100%| O|  |TAMS 0x0000000706e00000, 0x0000000706c00000| Untracked 
|  27|0x0000000706e00000, 0x0000000707000000, 0x0000000707000000|100%| O|  |TAMS 0x0000000707000000, 0x0000000706e00000| Untracked 
|  28|0x0000000707000000, 0x0000000707200000, 0x0000000707200000|100%| O|  |TAMS 0x0000000707200000, 0x0000000707000000| Untracked 
|  29|0x0000000707200000, 0x0000000707400000, 0x0000000707400000|100%| O|  |TAMS 0x0000000707400000, 0x0000000707200000| Untracked 
|  30|0x0000000707400000, 0x0000000707600000, 0x0000000707600000|100%| O|  |TAMS 0x0000000707600000, 0x0000000707400000| Untracked 
|  31|0x0000000707600000, 0x0000000707800000, 0x0000000707800000|100%| O|  |TAMS 0x0000000707800000, 0x0000000707600000| Untracked 
|  32|0x0000000707800000, 0x0000000707a00000, 0x0000000707a00000|100%| O|  |TAMS 0x0000000707a00000, 0x0000000707800000| Untracked 
|  33|0x0000000707a00000, 0x0000000707c00000, 0x0000000707c00000|100%| O|  |TAMS 0x0000000707c00000, 0x0000000707a00000| Untracked 
|  34|0x0000000707c00000, 0x0000000707e00000, 0x0000000707e00000|100%| O|  |TAMS 0x0000000707e00000, 0x0000000707c00000| Untracked 
|  35|0x0000000707e00000, 0x0000000708000000, 0x0000000708000000|100%| O|  |TAMS 0x0000000708000000, 0x0000000707e00000| Untracked 
|  36|0x0000000708000000, 0x0000000708200000, 0x0000000708200000|100%| O|  |TAMS 0x0000000708200000, 0x0000000708000000| Untracked 
|  37|0x0000000708200000, 0x0000000708400000, 0x0000000708400000|100%| O|  |TAMS 0x0000000708400000, 0x0000000708200000| Untracked 
|  38|0x0000000708400000, 0x0000000708600000, 0x0000000708600000|100%| O|  |TAMS 0x0000000708600000, 0x0000000708400000| Untracked 
|  39|0x0000000708600000, 0x0000000708800000, 0x0000000708800000|100%| O|  |TAMS 0x0000000708800000, 0x0000000708600000| Untracked 
|  40|0x0000000708800000, 0x0000000708a00000, 0x0000000708a00000|100%| O|  |TAMS 0x0000000708a00000, 0x0000000708800000| Untracked 
|  41|0x0000000708a00000, 0x0000000708c00000, 0x0000000708c00000|100%| O|  |TAMS 0x0000000708c00000, 0x0000000708a00000| Untracked 
|  42|0x0000000708c00000, 0x0000000708e00000, 0x0000000708e00000|100%| O|  |TAMS 0x0000000708c00000, 0x0000000708c00000| Untracked 
|  43|0x0000000708e00000, 0x0000000709000000, 0x0000000709000000|100%| O|  |TAMS 0x0000000709000000, 0x0000000708e00000| Untracked 
|  44|0x0000000709000000, 0x0000000709200000, 0x0000000709200000|100%| O|  |TAMS 0x0000000709200000, 0x0000000709000000| Untracked 
|  45|0x0000000709200000, 0x0000000709400000, 0x0000000709400000|100%| O|  |TAMS 0x0000000709400000, 0x0000000709200000| Untracked 
|  46|0x0000000709400000, 0x0000000709600000, 0x0000000709600000|100%| O|  |TAMS 0x0000000709600000, 0x0000000709400000| Untracked 
|  47|0x0000000709600000, 0x0000000709800000, 0x0000000709800000|100%| O|  |TAMS 0x0000000709800000, 0x0000000709600000| Untracked 
|  48|0x0000000709800000, 0x0000000709a00000, 0x0000000709a00000|100%| O|  |TAMS 0x0000000709a00000, 0x0000000709800000| Untracked 
|  49|0x0000000709a00000, 0x0000000709c00000, 0x0000000709c00000|100%| O|  |TAMS 0x0000000709a00000, 0x0000000709a00000| Untracked 
|  50|0x0000000709c00000, 0x0000000709e00000, 0x0000000709e00000|100%| O|  |TAMS 0x0000000709e00000, 0x0000000709c00000| Untracked 
|  51|0x0000000709e00000, 0x000000070a000000, 0x000000070a000000|100%| O|  |TAMS 0x000000070a000000, 0x0000000709e00000| Untracked 
|  52|0x000000070a000000, 0x000000070a200000, 0x000000070a200000|100%| O|  |TAMS 0x000000070a200000, 0x000000070a000000| Untracked 
|  53|0x000000070a200000, 0x000000070a400000, 0x000000070a400000|100%| O|  |TAMS 0x000000070a400000, 0x000000070a200000| Untracked 
|  54|0x000000070a400000, 0x000000070a600000, 0x000000070a600000|100%|HS|  |TAMS 0x000000070a600000, 0x000000070a400000| Complete 
|  55|0x000000070a600000, 0x000000070a800000, 0x000000070a800000|100%| O|  |TAMS 0x000000070a800000, 0x000000070a600000| Untracked 
|  56|0x000000070a800000, 0x000000070aa00000, 0x000000070aa00000|100%| O|  |TAMS 0x000000070aa00000, 0x000000070a800000| Untracked 
|  57|0x000000070aa00000, 0x000000070ac00000, 0x000000070ac00000|100%| O|  |TAMS 0x000000070ac00000, 0x000000070aa00000| Untracked 
|  58|0x000000070ac00000, 0x000000070ae00000, 0x000000070ae00000|100%| O|  |TAMS 0x000000070ae00000, 0x000000070ac00000| Untracked 
|  59|0x000000070ae00000, 0x000000070b000000, 0x000000070b000000|100%| O|  |TAMS 0x000000070b000000, 0x000000070ae00000| Untracked 
|  60|0x000000070b000000, 0x000000070b200000, 0x000000070b200000|100%| O|  |TAMS 0x000000070b200000, 0x000000070b000000| Untracked 
|  61|0x000000070b200000, 0x000000070b400000, 0x000000070b400000|100%| O|  |TAMS 0x000000070b400000, 0x000000070b200000| Untracked 
|  62|0x000000070b400000, 0x000000070b600000, 0x000000070b600000|100%| O|  |TAMS 0x000000070b600000, 0x000000070b400000| Untracked 
|  63|0x000000070b600000, 0x000000070b800000, 0x000000070b800000|100%| O|  |TAMS 0x000000070b800000, 0x000000070b600000| Untracked 
|  64|0x000000070b800000, 0x000000070ba00000, 0x000000070ba00000|100%| O|  |TAMS 0x000000070ba00000, 0x000000070b800000| Untracked 
|  65|0x000000070ba00000, 0x000000070bc00000, 0x000000070bc00000|100%| O|  |TAMS 0x000000070bc00000, 0x000000070ba00000| Untracked 
|  66|0x000000070bc00000, 0x000000070be00000, 0x000000070be00000|100%| O|  |TAMS 0x000000070be00000, 0x000000070bc00000| Untracked 
|  67|0x000000070be00000, 0x000000070c000000, 0x000000070c000000|100%| O|  |TAMS 0x000000070c000000, 0x000000070be00000| Untracked 
|  68|0x000000070c000000, 0x000000070c200000, 0x000000070c200000|100%| O|  |TAMS 0x000000070c200000, 0x000000070c000000| Untracked 
|  69|0x000000070c200000, 0x000000070c400000, 0x000000070c400000|100%| O|  |TAMS 0x000000070c400000, 0x000000070c200000| Untracked 
|  70|0x000000070c400000, 0x000000070c600000, 0x000000070c600000|100%| O|  |TAMS 0x000000070c600000, 0x000000070c400000| Untracked 
|  71|0x000000070c600000, 0x000000070c800000, 0x000000070c800000|100%| O|  |TAMS 0x000000070c800000, 0x000000070c600000| Untracked 
|  72|0x000000070c800000, 0x000000070ca00000, 0x000000070ca00000|100%| O|  |TAMS 0x000000070c8dfe00, 0x000000070c800000| Untracked 
|  73|0x000000070ca00000, 0x000000070cc00000, 0x000000070cc00000|100%| O|  |TAMS 0x000000070ca00000, 0x000000070ca00000| Untracked 
|  74|0x000000070cc00000, 0x000000070ce00000, 0x000000070ce00000|100%| O|  |TAMS 0x000000070cc00000, 0x000000070cc00000| Untracked 
|  75|0x000000070ce00000, 0x000000070d000000, 0x000000070d000000|100%| O|  |TAMS 0x000000070ce00000, 0x000000070ce00000| Untracked 
|  76|0x000000070d000000, 0x000000070d200000, 0x000000070d200000|100%| O|  |TAMS 0x000000070d000000, 0x000000070d000000| Untracked 
|  77|0x000000070d200000, 0x000000070d400000, 0x000000070d400000|100%| O|  |TAMS 0x000000070d200000, 0x000000070d200000| Untracked 
|  78|0x000000070d400000, 0x000000070d600000, 0x000000070d600000|100%| O|  |TAMS 0x000000070d400000, 0x000000070d400000| Untracked 
|  79|0x000000070d600000, 0x000000070d800000, 0x000000070d800000|100%| O|  |TAMS 0x000000070d600000, 0x000000070d600000| Untracked 
|  80|0x000000070d800000, 0x000000070da00000, 0x000000070da00000|100%| O|  |TAMS 0x000000070d800000, 0x000000070d800000| Untracked 
|  81|0x000000070da00000, 0x000000070dc00000, 0x000000070dc00000|100%| O|  |TAMS 0x000000070da00000, 0x000000070da00000| Untracked 
|  82|0x000000070dc00000, 0x000000070de00000, 0x000000070de00000|100%| O|  |TAMS 0x000000070dc00000, 0x000000070dc00000| Untracked 
|  83|0x000000070de00000, 0x000000070e000000, 0x000000070e000000|100%| O|  |TAMS 0x000000070de00000, 0x000000070de00000| Untracked 
|  84|0x000000070e000000, 0x000000070e200000, 0x000000070e200000|100%| O|  |TAMS 0x000000070e000000, 0x000000070e000000| Untracked 
|  85|0x000000070e200000, 0x000000070e400000, 0x000000070e400000|100%| O|  |TAMS 0x000000070e200000, 0x000000070e200000| Untracked 
|  86|0x000000070e400000, 0x000000070e600000, 0x000000070e600000|100%| O|  |TAMS 0x000000070e400000, 0x000000070e400000| Untracked 
|  87|0x000000070e600000, 0x000000070e800000, 0x000000070e800000|100%| O|  |TAMS 0x000000070e600000, 0x000000070e600000| Untracked 
|  88|0x000000070e800000, 0x000000070ea00000, 0x000000070ea00000|100%| O|  |TAMS 0x000000070e800000, 0x000000070e800000| Untracked 
|  89|0x000000070ea00000, 0x000000070ec00000, 0x000000070ec00000|100%| O|  |TAMS 0x000000070ea00000, 0x000000070ea00000| Untracked 
|  90|0x000000070ec00000, 0x000000070ee00000, 0x000000070ee00000|100%| O|  |TAMS 0x000000070ec00000, 0x000000070ec00000| Untracked 
|  91|0x000000070ee00000, 0x000000070f000000, 0x000000070f000000|100%| O|  |TAMS 0x000000070ee00000, 0x000000070ee00000| Untracked 
|  92|0x000000070f000000, 0x000000070f200000, 0x000000070f200000|100%| O|  |TAMS 0x000000070f000000, 0x000000070f000000| Untracked 
|  93|0x000000070f200000, 0x000000070f400000, 0x000000070f400000|100%| O|  |TAMS 0x000000070f200000, 0x000000070f200000| Untracked 
|  94|0x000000070f400000, 0x000000070f600000, 0x000000070f600000|100%| O|  |TAMS 0x000000070f400000, 0x000000070f400000| Untracked 
|  95|0x000000070f600000, 0x000000070f800000, 0x000000070f800000|100%| O|  |TAMS 0x000000070f600000, 0x000000070f600000| Untracked 
|  96|0x000000070f800000, 0x000000070fa00000, 0x000000070fa00000|100%| O|  |TAMS 0x000000070f800000, 0x000000070f800000| Untracked 
|  97|0x000000070fa00000, 0x000000070fc00000, 0x000000070fc00000|100%| O|  |TAMS 0x000000070fa00000, 0x000000070fa00000| Untracked 
|  98|0x000000070fc00000, 0x000000070fe00000, 0x000000070fe00000|100%| O|  |TAMS 0x000000070fc00000, 0x000000070fc00000| Untracked 
|  99|0x000000070fe00000, 0x0000000710000000, 0x0000000710000000|100%| O|  |TAMS 0x000000070fe00000, 0x000000070fe00000| Untracked 
| 100|0x0000000710000000, 0x0000000710200000, 0x0000000710200000|100%| O|  |TAMS 0x0000000710000000, 0x0000000710000000| Untracked 
| 101|0x0000000710200000, 0x0000000710400000, 0x0000000710400000|100%| O|  |TAMS 0x0000000710200000, 0x0000000710200000| Untracked 
| 102|0x0000000710400000, 0x0000000710600000, 0x0000000710600000|100%| O|  |TAMS 0x0000000710400000, 0x0000000710400000| Untracked 
| 103|0x0000000710600000, 0x0000000710800000, 0x0000000710800000|100%| O|  |TAMS 0x0000000710600000, 0x0000000710600000| Untracked 
| 104|0x0000000710800000, 0x0000000710a00000, 0x0000000710a00000|100%| O|  |TAMS 0x0000000710800000, 0x0000000710800000| Untracked 
| 105|0x0000000710a00000, 0x0000000710c00000, 0x0000000710c00000|100%| O|  |TAMS 0x0000000710a00000, 0x0000000710a00000| Untracked 
| 106|0x0000000710c00000, 0x0000000710e00000, 0x0000000710e00000|100%| O|  |TAMS 0x0000000710c00000, 0x0000000710c00000| Untracked 
| 107|0x0000000710e00000, 0x0000000711000000, 0x0000000711000000|100%| O|  |TAMS 0x0000000710e00000, 0x0000000710e00000| Untracked 
| 108|0x0000000711000000, 0x0000000711200000, 0x0000000711200000|100%| O|  |TAMS 0x0000000711000000, 0x0000000711000000| Untracked 
| 109|0x0000000711200000, 0x0000000711400000, 0x0000000711400000|100%|HS|  |TAMS 0x0000000711200000, 0x0000000711200000| Complete 
| 110|0x0000000711400000, 0x0000000711600000, 0x0000000711600000|100%|HC|  |TAMS 0x0000000711400000, 0x0000000711400000| Complete 
| 111|0x0000000711600000, 0x0000000711800000, 0x0000000711800000|100%|HC|  |TAMS 0x0000000711600000, 0x0000000711600000| Complete 
| 112|0x0000000711800000, 0x0000000711a00000, 0x0000000711a00000|100%|HC|  |TAMS 0x0000000711800000, 0x0000000711800000| Complete 
| 113|0x0000000711a00000, 0x0000000711c00000, 0x0000000711c00000|100%|HC|  |TAMS 0x0000000711a00000, 0x0000000711a00000| Complete 
| 114|0x0000000711c00000, 0x0000000711e00000, 0x0000000711e00000|100%|HC|  |TAMS 0x0000000711c00000, 0x0000000711c00000| Complete 
| 115|0x0000000711e00000, 0x0000000712000000, 0x0000000712000000|100%| O|  |TAMS 0x0000000711e00000, 0x0000000711e00000| Untracked 
| 116|0x0000000712000000, 0x0000000712200000, 0x0000000712200000|100%| O|  |TAMS 0x0000000712000000, 0x0000000712000000| Untracked 
| 117|0x0000000712200000, 0x0000000712400000, 0x0000000712400000|100%| O|  |TAMS 0x0000000712200000, 0x0000000712200000| Untracked 
| 118|0x0000000712400000, 0x0000000712600000, 0x0000000712600000|100%| O|  |TAMS 0x0000000712400000, 0x0000000712400000| Untracked 
| 119|0x0000000712600000, 0x0000000712800000, 0x0000000712800000|100%| O|  |TAMS 0x0000000712600000, 0x0000000712600000| Untracked 
| 120|0x0000000712800000, 0x0000000712a00000, 0x0000000712a00000|100%| O|  |TAMS 0x0000000712800000, 0x0000000712800000| Untracked 
| 121|0x0000000712a00000, 0x0000000712c00000, 0x0000000712c00000|100%| O|  |TAMS 0x0000000712a00000, 0x0000000712a00000| Untracked 
| 122|0x0000000712c00000, 0x0000000712e00000, 0x0000000712e00000|100%| O|  |TAMS 0x0000000712c00000, 0x0000000712c00000| Untracked 
| 123|0x0000000712e00000, 0x0000000713000000, 0x0000000713000000|100%| O|  |TAMS 0x0000000712e00000, 0x0000000712e00000| Untracked 
| 124|0x0000000713000000, 0x0000000713200000, 0x0000000713200000|100%| O|  |TAMS 0x0000000713000000, 0x0000000713000000| Untracked 
| 125|0x0000000713200000, 0x0000000713400000, 0x0000000713400000|100%| O|  |TAMS 0x0000000713200000, 0x0000000713200000| Untracked 
| 126|0x0000000713400000, 0x0000000713600000, 0x0000000713600000|100%| O|  |TAMS 0x0000000713400000, 0x0000000713400000| Untracked 
| 127|0x0000000713600000, 0x0000000713800000, 0x0000000713800000|100%| O|  |TAMS 0x0000000713600000, 0x0000000713600000| Untracked 
| 128|0x0000000713800000, 0x0000000713a00000, 0x0000000713a00000|100%| O|  |TAMS 0x0000000713800000, 0x0000000713800000| Untracked 
| 129|0x0000000713a00000, 0x0000000713c00000, 0x0000000713c00000|100%| O|  |TAMS 0x0000000713a00000, 0x0000000713a00000| Untracked 
| 130|0x0000000713c00000, 0x0000000713e00000, 0x0000000713e00000|100%|HS|  |TAMS 0x0000000713c00000, 0x0000000713c00000| Complete 
| 131|0x0000000713e00000, 0x0000000714000000, 0x0000000714000000|100%|HC|  |TAMS 0x0000000713e00000, 0x0000000713e00000| Complete 
| 132|0x0000000714000000, 0x0000000714200000, 0x0000000714200000|100%| O|  |TAMS 0x0000000714000000, 0x0000000714000000| Untracked 
| 133|0x0000000714200000, 0x0000000714400000, 0x0000000714400000|100%| O|  |TAMS 0x0000000714200000, 0x0000000714200000| Untracked 
| 134|0x0000000714400000, 0x0000000714600000, 0x0000000714600000|100%| O|  |TAMS 0x0000000714400000, 0x0000000714400000| Untracked 
| 135|0x0000000714600000, 0x0000000714800000, 0x0000000714800000|100%| O|  |TAMS 0x0000000714600000, 0x0000000714600000| Untracked 
| 136|0x0000000714800000, 0x0000000714a00000, 0x0000000714a00000|100%| O|  |TAMS 0x0000000714800000, 0x0000000714800000| Untracked 
| 137|0x0000000714a00000, 0x0000000714c00000, 0x0000000714c00000|100%| O|  |TAMS 0x0000000714a00000, 0x0000000714a00000| Untracked 
| 138|0x0000000714c00000, 0x0000000714e00000, 0x0000000714e00000|100%| O|  |TAMS 0x0000000714c00000, 0x0000000714c00000| Untracked 
| 139|0x0000000714e00000, 0x0000000715000000, 0x0000000715000000|100%| O|  |TAMS 0x0000000714e00000, 0x0000000714e00000| Untracked 
| 140|0x0000000715000000, 0x0000000715200000, 0x0000000715200000|100%| O|  |TAMS 0x0000000715000000, 0x0000000715000000| Untracked 
| 141|0x0000000715200000, 0x0000000715400000, 0x0000000715400000|100%| O|  |TAMS 0x0000000715200000, 0x0000000715200000| Untracked 
| 142|0x0000000715400000, 0x0000000715600000, 0x0000000715600000|100%| O|  |TAMS 0x0000000715400000, 0x0000000715400000| Untracked 
| 143|0x0000000715600000, 0x0000000715800000, 0x0000000715800000|100%| O|  |TAMS 0x0000000715600000, 0x0000000715600000| Untracked 
| 144|0x0000000715800000, 0x0000000715a00000, 0x0000000715a00000|100%| O|  |TAMS 0x0000000715800000, 0x0000000715800000| Untracked 
| 145|0x0000000715a00000, 0x0000000715c00000, 0x0000000715c00000|100%| O|  |TAMS 0x0000000715a00000, 0x0000000715a00000| Untracked 
| 146|0x0000000715c00000, 0x0000000715e00000, 0x0000000715e00000|100%| O|  |TAMS 0x0000000715c00000, 0x0000000715c00000| Untracked 
| 147|0x0000000715e00000, 0x0000000716000000, 0x0000000716000000|100%| O|  |TAMS 0x0000000715e00000, 0x0000000715e00000| Untracked 
| 148|0x0000000716000000, 0x00000007161ab600, 0x0000000716200000| 83%| O|  |TAMS 0x0000000716000000, 0x0000000716000000| Untracked 
| 149|0x0000000716200000, 0x0000000716200000, 0x0000000716400000|  0%| F|  |TAMS 0x0000000716200000, 0x0000000716200000| Untracked 
| 150|0x0000000716400000, 0x0000000716400000, 0x0000000716600000|  0%| F|  |TAMS 0x0000000716400000, 0x0000000716400000| Untracked 
| 151|0x0000000716600000, 0x0000000716600000, 0x0000000716800000|  0%| F|  |TAMS 0x0000000716600000, 0x0000000716600000| Untracked 
| 152|0x0000000716800000, 0x0000000716800000, 0x0000000716a00000|  0%| F|  |TAMS 0x0000000716800000, 0x0000000716800000| Untracked 
| 153|0x0000000716a00000, 0x0000000716a00000, 0x0000000716c00000|  0%| F|  |TAMS 0x0000000716a00000, 0x0000000716a00000| Untracked 
| 154|0x0000000716c00000, 0x0000000716c00000, 0x0000000716e00000|  0%| F|  |TAMS 0x0000000716c00000, 0x0000000716c00000| Untracked 
| 155|0x0000000716e00000, 0x0000000716e00000, 0x0000000717000000|  0%| F|  |TAMS 0x0000000716e00000, 0x0000000716e00000| Untracked 
| 156|0x0000000717000000, 0x0000000717000000, 0x0000000717200000|  0%| F|  |TAMS 0x0000000717000000, 0x0000000717000000| Untracked 
| 157|0x0000000717200000, 0x0000000717200000, 0x0000000717400000|  0%| F|  |TAMS 0x0000000717200000, 0x0000000717200000| Untracked 
| 158|0x0000000717400000, 0x0000000717400000, 0x0000000717600000|  0%| F|  |TAMS 0x0000000717400000, 0x0000000717400000| Untracked 
| 159|0x0000000717600000, 0x0000000717600000, 0x0000000717800000|  0%| F|  |TAMS 0x0000000717600000, 0x0000000717600000| Untracked 
| 160|0x0000000717800000, 0x0000000717800000, 0x0000000717a00000|  0%| F|  |TAMS 0x0000000717800000, 0x0000000717800000| Untracked 
| 161|0x0000000717a00000, 0x0000000717a00000, 0x0000000717c00000|  0%| F|  |TAMS 0x0000000717a00000, 0x0000000717a00000| Untracked 
| 162|0x0000000717c00000, 0x0000000717c00000, 0x0000000717e00000|  0%| F|  |TAMS 0x0000000717c00000, 0x0000000717c00000| Untracked 
| 163|0x0000000717e00000, 0x0000000717e00000, 0x0000000718000000|  0%| F|  |TAMS 0x0000000717e00000, 0x0000000717e00000| Untracked 
| 164|0x0000000718000000, 0x0000000718000000, 0x0000000718200000|  0%| F|  |TAMS 0x0000000718000000, 0x0000000718000000| Untracked 
| 165|0x0000000718200000, 0x0000000718200000, 0x0000000718400000|  0%| F|  |TAMS 0x0000000718200000, 0x0000000718200000| Untracked 
| 166|0x0000000718400000, 0x0000000718400000, 0x0000000718600000|  0%| F|  |TAMS 0x0000000718400000, 0x0000000718400000| Untracked 
| 167|0x0000000718600000, 0x0000000718600000, 0x0000000718800000|  0%| F|  |TAMS 0x0000000718600000, 0x0000000718600000| Untracked 
| 168|0x0000000718800000, 0x0000000718800000, 0x0000000718a00000|  0%| F|  |TAMS 0x0000000718800000, 0x0000000718800000| Untracked 
| 169|0x0000000718a00000, 0x0000000718a00000, 0x0000000718c00000|  0%| F|  |TAMS 0x0000000718a00000, 0x0000000718a00000| Untracked 
| 170|0x0000000718c00000, 0x0000000718c00000, 0x0000000718e00000|  0%| F|  |TAMS 0x0000000718c00000, 0x0000000718c00000| Untracked 
| 171|0x0000000718e00000, 0x0000000718e00000, 0x0000000719000000|  0%| F|  |TAMS 0x0000000718e00000, 0x0000000718e00000| Untracked 
| 172|0x0000000719000000, 0x0000000719000000, 0x0000000719200000|  0%| F|  |TAMS 0x0000000719000000, 0x0000000719000000| Untracked 
| 173|0x0000000719200000, 0x0000000719200000, 0x0000000719400000|  0%| F|  |TAMS 0x0000000719200000, 0x0000000719200000| Untracked 
| 174|0x0000000719400000, 0x0000000719400000, 0x0000000719600000|  0%| F|  |TAMS 0x0000000719400000, 0x0000000719400000| Untracked 
| 175|0x0000000719600000, 0x0000000719600000, 0x0000000719800000|  0%| F|  |TAMS 0x0000000719600000, 0x0000000719600000| Untracked 
| 176|0x0000000719800000, 0x0000000719800000, 0x0000000719a00000|  0%| F|  |TAMS 0x0000000719800000, 0x0000000719800000| Untracked 
| 177|0x0000000719a00000, 0x0000000719a00000, 0x0000000719c00000|  0%| F|  |TAMS 0x0000000719a00000, 0x0000000719a00000| Untracked 
| 178|0x0000000719c00000, 0x0000000719c00000, 0x0000000719e00000|  0%| F|  |TAMS 0x0000000719c00000, 0x0000000719c00000| Untracked 
| 179|0x0000000719e00000, 0x0000000719e00000, 0x000000071a000000|  0%| F|  |TAMS 0x0000000719e00000, 0x0000000719e00000| Untracked 
| 180|0x000000071a000000, 0x000000071a000000, 0x000000071a200000|  0%| F|  |TAMS 0x000000071a000000, 0x000000071a000000| Untracked 
| 181|0x000000071a200000, 0x000000071a200000, 0x000000071a400000|  0%| F|  |TAMS 0x000000071a200000, 0x000000071a200000| Untracked 
| 182|0x000000071a400000, 0x000000071a400000, 0x000000071a600000|  0%| F|  |TAMS 0x000000071a400000, 0x000000071a400000| Untracked 
| 183|0x000000071a600000, 0x000000071a600000, 0x000000071a800000|  0%| F|  |TAMS 0x000000071a600000, 0x000000071a600000| Untracked 
| 184|0x000000071a800000, 0x000000071a800000, 0x000000071aa00000|  0%| F|  |TAMS 0x000000071a800000, 0x000000071a800000| Untracked 
| 185|0x000000071aa00000, 0x000000071aa00000, 0x000000071ac00000|  0%| F|  |TAMS 0x000000071aa00000, 0x000000071aa00000| Untracked 
| 186|0x000000071ac00000, 0x000000071ae00000, 0x000000071ae00000|100%| S|CS|TAMS 0x000000071ac00000, 0x000000071ac00000| Complete 
| 187|0x000000071ae00000, 0x000000071b000000, 0x000000071b000000|100%| S|CS|TAMS 0x000000071ae00000, 0x000000071ae00000| Complete 
| 188|0x000000071b000000, 0x000000071b200000, 0x000000071b200000|100%| S|CS|TAMS 0x000000071b000000, 0x000000071b000000| Complete 
| 189|0x000000071b200000, 0x000000071b400000, 0x000000071b400000|100%| S|CS|TAMS 0x000000071b200000, 0x000000071b200000| Complete 
| 190|0x000000071b400000, 0x000000071b600000, 0x000000071b600000|100%| S|CS|TAMS 0x000000071b400000, 0x000000071b400000| Complete 
| 191|0x000000071b600000, 0x000000071b800000, 0x000000071b800000|100%| S|CS|TAMS 0x000000071b600000, 0x000000071b600000| Complete 
| 192|0x000000071b800000, 0x000000071b800000, 0x000000071ba00000|  0%| F|  |TAMS 0x000000071b800000, 0x000000071b800000| Untracked 
| 193|0x000000071ba00000, 0x000000071ba00000, 0x000000071bc00000|  0%| F|  |TAMS 0x000000071ba00000, 0x000000071ba00000| Untracked 
| 194|0x000000071bc00000, 0x000000071bc00000, 0x000000071be00000|  0%| F|  |TAMS 0x000000071bc00000, 0x000000071bc00000| Untracked 
| 195|0x000000071be00000, 0x000000071be00000, 0x000000071c000000|  0%| F|  |TAMS 0x000000071be00000, 0x000000071be00000| Untracked 
| 196|0x000000071c000000, 0x000000071c000000, 0x000000071c200000|  0%| F|  |TAMS 0x000000071c000000, 0x000000071c000000| Untracked 
| 197|0x000000071c200000, 0x000000071c200000, 0x000000071c400000|  0%| F|  |TAMS 0x000000071c200000, 0x000000071c200000| Untracked 
| 198|0x000000071c400000, 0x000000071c400000, 0x000000071c600000|  0%| F|  |TAMS 0x000000071c400000, 0x000000071c400000| Untracked 
| 199|0x000000071c600000, 0x000000071c600000, 0x000000071c800000|  0%| F|  |TAMS 0x000000071c600000, 0x000000071c600000| Untracked 
| 200|0x000000071c800000, 0x000000071c800000, 0x000000071ca00000|  0%| F|  |TAMS 0x000000071c800000, 0x000000071c800000| Untracked 
| 201|0x000000071ca00000, 0x000000071ca00800, 0x000000071cc00000|  0%| E|  |TAMS 0x000000071ca00000, 0x000000071ca00000| Complete 
| 202|0x000000071cc00000, 0x000000071ce00000, 0x000000071ce00000|100%| E|CS|TAMS 0x000000071cc00000, 0x000000071cc00000| Complete 
| 203|0x000000071ce00000, 0x000000071d000000, 0x000000071d000000|100%| E|CS|TAMS 0x000000071ce00000, 0x000000071ce00000| Complete 
| 204|0x000000071d000000, 0x000000071d200000, 0x000000071d200000|100%| E|CS|TAMS 0x000000071d000000, 0x000000071d000000| Complete 
| 205|0x000000071d200000, 0x000000071d400000, 0x000000071d400000|100%| E|CS|TAMS 0x000000071d200000, 0x000000071d200000| Complete 
| 206|0x000000071d400000, 0x000000071d600000, 0x000000071d600000|100%| E|CS|TAMS 0x000000071d400000, 0x000000071d400000| Complete 
| 207|0x000000071d600000, 0x000000071d800000, 0x000000071d800000|100%| E|CS|TAMS 0x000000071d600000, 0x000000071d600000| Complete 
| 208|0x000000071d800000, 0x000000071da00000, 0x000000071da00000|100%| E|CS|TAMS 0x000000071d800000, 0x000000071d800000| Complete 
| 209|0x000000071da00000, 0x000000071dc00000, 0x000000071dc00000|100%| E|CS|TAMS 0x000000071da00000, 0x000000071da00000| Complete 
| 210|0x000000071dc00000, 0x000000071de00000, 0x000000071de00000|100%| E|CS|TAMS 0x000000071dc00000, 0x000000071dc00000| Complete 
| 211|0x000000071de00000, 0x000000071e000000, 0x000000071e000000|100%| E|CS|TAMS 0x000000071de00000, 0x000000071de00000| Complete 
| 212|0x000000071e000000, 0x000000071e200000, 0x000000071e200000|100%| E|CS|TAMS 0x000000071e000000, 0x000000071e000000| Complete 
| 213|0x000000071e200000, 0x000000071e400000, 0x000000071e400000|100%| E|CS|TAMS 0x000000071e200000, 0x000000071e200000| Complete 
| 214|0x000000071e400000, 0x000000071e600000, 0x000000071e600000|100%| E|CS|TAMS 0x000000071e400000, 0x000000071e400000| Complete 
| 215|0x000000071e600000, 0x000000071e800000, 0x000000071e800000|100%| E|CS|TAMS 0x000000071e600000, 0x000000071e600000| Complete 
| 216|0x000000071e800000, 0x000000071ea00000, 0x000000071ea00000|100%| E|CS|TAMS 0x000000071e800000, 0x000000071e800000| Complete 
| 217|0x000000071ea00000, 0x000000071ec00000, 0x000000071ec00000|100%| E|CS|TAMS 0x000000071ea00000, 0x000000071ea00000| Complete 
| 218|0x000000071ec00000, 0x000000071ee00000, 0x000000071ee00000|100%| E|CS|TAMS 0x000000071ec00000, 0x000000071ec00000| Complete 
| 219|0x000000071ee00000, 0x000000071f000000, 0x000000071f000000|100%| E|CS|TAMS 0x000000071ee00000, 0x000000071ee00000| Complete 
| 220|0x000000071f000000, 0x000000071f200000, 0x000000071f200000|100%| E|CS|TAMS 0x000000071f000000, 0x000000071f000000| Complete 
| 221|0x000000071f200000, 0x000000071f400000, 0x000000071f400000|100%| E|CS|TAMS 0x000000071f200000, 0x000000071f200000| Complete 
| 222|0x000000071f400000, 0x000000071f600000, 0x000000071f600000|100%| E|CS|TAMS 0x000000071f400000, 0x000000071f400000| Complete 
| 223|0x000000071f600000, 0x000000071f800000, 0x000000071f800000|100%| E|CS|TAMS 0x000000071f600000, 0x000000071f600000| Complete 
| 224|0x000000071f800000, 0x000000071fa00000, 0x000000071fa00000|100%| E|CS|TAMS 0x000000071f800000, 0x000000071f800000| Complete 
| 225|0x000000071fa00000, 0x000000071fc00000, 0x000000071fc00000|100%| E|CS|TAMS 0x000000071fa00000, 0x000000071fa00000| Complete 
| 226|0x000000071fc00000, 0x000000071fe00000, 0x000000071fe00000|100%| E|CS|TAMS 0x000000071fc00000, 0x000000071fc00000| Complete 
| 227|0x000000071fe00000, 0x0000000720000000, 0x0000000720000000|100%| E|CS|TAMS 0x000000071fe00000, 0x000000071fe00000| Complete 
| 228|0x0000000720000000, 0x0000000720200000, 0x0000000720200000|100%| E|CS|TAMS 0x0000000720000000, 0x0000000720000000| Complete 
| 229|0x0000000720200000, 0x0000000720400000, 0x0000000720400000|100%| E|CS|TAMS 0x0000000720200000, 0x0000000720200000| Complete 
| 230|0x0000000720400000, 0x0000000720600000, 0x0000000720600000|100%| E|CS|TAMS 0x0000000720400000, 0x0000000720400000| Complete 
| 231|0x0000000720600000, 0x0000000720800000, 0x0000000720800000|100%| E|CS|TAMS 0x0000000720600000, 0x0000000720600000| Complete 
| 232|0x0000000720800000, 0x0000000720a00000, 0x0000000720a00000|100%| E|CS|TAMS 0x0000000720800000, 0x0000000720800000| Complete 

Card table byte_map: [0x00000151f8430000,0x00000151f8c20000] _byte_map_base: 0x00000151f4c14000

Marking Bits (Prev, Next): (CMBitMap*) 0x00000151df4b40a0, (CMBitMap*) 0x00000151df4b40e0
 Prev Bits: [0x00000151f9410000, 0x00000151fd330000)
 Next Bits: [0x0000015180000000, 0x0000015183f20000)

Polling page: 0x00000151dd2b0000

Metaspace:

Usage:
  Non-class:     24.80 MB used.
      Class:      2.74 MB used.
       Both:     27.54 MB used.

Virtual space:
  Non-class space:       32.00 MB reserved,      24.88 MB ( 78%) committed,  4 nodes.
      Class space:        1.00 GB reserved,       2.88 MB ( <1%) committed,  1 nodes.
             Both:        1.03 GB reserved,      27.75 MB (  3%) committed. 

Chunk freelists:
   Non-Class:  2.80 MB
       Class:  1.05 MB
        Both:  3.84 MB

MaxMetaspaceSize: unlimited
CompressedClassSpaceSize: 1.00 GB
Initial GC threshold: 21.00 MB
Current GC threshold: 45.94 MB
CDS: on
MetaspaceReclaimPolicy: balanced
 - commit_granule_bytes: 65536.
 - commit_granule_words: 8192.
 - virtual_space_node_default_size: 1048576.
 - enlarge_chunks_in_place: 1.
 - new_chunks_are_fully_committed: 0.
 - uncommit_free_chunks: 1.
 - use_allocation_guard: 0.
 - handle_deallocations: 1.


Internal statistics:

num_allocs_failed_limit: 3.
num_arena_births: 138.
num_arena_deaths: 0.
num_vsnodes_births: 5.
num_vsnodes_deaths: 0.
num_space_committed: 444.
num_space_uncommitted: 0.
num_chunks_returned_to_freelist: 3.
num_chunks_taken_from_freelist: 1079.
num_chunk_merges: 3.
num_chunk_splits: 750.
num_chunks_enlarged: 546.
num_purges: 0.
num_inconsistent_stats: 0.

CodeHeap 'non-profiled nmethods': size=120000Kb used=3375Kb max_used=3828Kb free=116624Kb
 bounds [0x00000151f01c0000, 0x00000151f0580000, 0x00000151f76f0000]
CodeHeap 'profiled nmethods': size=120000Kb used=8901Kb max_used=11438Kb free=111099Kb
 bounds [0x00000151e8c90000, 0x00000151e97d0000, 0x00000151f01c0000]
CodeHeap 'non-nmethods': size=5760Kb used=1330Kb max_used=1351Kb free=4429Kb
 bounds [0x00000151e86f0000, 0x00000151e8960000, 0x00000151e8c90000]
 total_blobs=5521 nmethods=4870 adapters=559
 compilation: enabled
              stopped_count=0, restarted_count=0
 full_count=0

JVMCI Events (11 events):
Event: 0.084 Thread 0x00000151df462600 created new JVMCI runtime 0 (0x00000151ffe46380)
Event: 0.084 Thread 0x00000151df462600 created new JVMCI runtime -1 (0x00000151ffe46900)
Event: 0.227 Thread 0x00000151fff9b940 loaded JVMCI shared library from c:\Users\Rani Jammal\Desktop\graalvm-ce-java17-22.0.0-dev\bin\jvmcicompiler.dll
Event: 0.253 Thread 0x00000151fff9b940 created JavaVM[1]@0x00000151859049f8 for JVMCI runtime 0
Event: 0.253 Thread 0x00000151fff9b940 initializing JVMCI runtime 0
Event: 0.257 Thread 0x00000151fff9b940 initialized JVMCI runtime 0
Event: 0.429 Thread 0x00000151df462600 initializing JVMCI runtime -1
Event: 0.442 Thread 0x00000151df462600 initialized JVMCI runtime -1
Event: 0.604 Thread 0x00000151df462600 attached to JavaVM for JVMCI runtime 0
Event: 1.436 Thread 0x000001518c273d70 attached to JavaVM for JVMCI runtime 0
Event: 1.468 Thread 0x000001518c2015f0 attached to JavaVM for JVMCI runtime 0

Compilation events (20 events):
Event: 76.251 Thread 0x00000151fff9e340 6452       3       com.oracle.js.parser.Parser::computedPropertyName (24 bytes)
Event: 76.251 Thread 0x00000151fff9e340 nmethod 6452 0x00000151e92c5290 code [0x00000151e92c54c0, 0x00000151e92c5ac8]
Event: 76.280 Thread 0x00000151fff9e340 6453       3       com.oracle.truffle.js.nodes.access.JSConstantNode$JSConstantUndefinedNode::isResultAlwaysOfType (12 bytes)
Event: 76.281 Thread 0x00000151fff9e340 nmethod 6453 0x00000151e929c410 code [0x00000151e929c5a0, 0x00000151e929c718]
Event: 76.296 Thread 0x00000151fff9e340 6454       3       com.oracle.truffle.js.nodes.cast.JSToPropertyKeyNode::create (4 bytes)
Event: 76.296 Thread 0x00000151fff9e340 nmethod 6454 0x00000151e8f4c010 code [0x00000151e8f4c1e0, 0x00000151e8f4c548]
Event: 76.296 Thread 0x00000151fff9e340 6455       3       com.oracle.truffle.js.nodes.cast.JSToPropertyKeyNodeGen::create (8 bytes)
Event: 76.297 Thread 0x00000151fff9e340 nmethod 6455 0x00000151e938ab10 code [0x00000151e938ace0, 0x00000151e938afe8]
Event: 76.352 Thread 0x00000151fff9e340 6456       3       com.oracle.truffle.js.nodes.NodeFactory::createComputedDataMember (13 bytes)
Event: 76.352 Thread 0x00000151fff9e340 nmethod 6456 0x00000151e92e5110 code [0x00000151e92e52a0, 0x00000151e92e53e8]
Event: 76.352 Thread 0x00000151fff9e340 6457       3       com.oracle.truffle.js.nodes.access.ObjectLiteralNode::newComputedDataMember (28 bytes)
Event: 76.353 Thread 0x00000151fff9e340 nmethod 6457 0x00000151e911eb10 code [0x00000151e911ece0, 0x00000151e911efc8]
Event: 76.353 Thread 0x00000151fff9e340 6458       3       com.oracle.truffle.js.nodes.access.ObjectLiteralNodeFactory$ComputedObjectLiteralDataMemberNodeGen::create (16 bytes)
Event: 76.353 Thread 0x00000151fff9e340 nmethod 6458 0x00000151e9239d90 code [0x00000151e9239f40, 0x00000151e923a0e8]
Event: 76.516 Thread 0x00000151fff9b940 6459       4       com.oracle.truffle.js.parser.GraalJSTranslator::enterTypeofNode (182 bytes)
Event: 76.574 Thread 0x00000151fff9b940 nmethod 6459 0x00000151f01f7f90 code [0x00000151f01f82a0, 0x00000151f01f9248]
Event: 76.574 Thread 0x00000151fff9b940 6460       4       com.oracle.js.parser.Parser::isClassFieldDefinition (98 bytes)
Event: 76.577 Thread 0x00000151fff9b940 nmethod 6460 0x00000151f03e9c90 code [0x00000151f03e9e00, 0x00000151f03e9f78]
Event: 76.703 Thread 0x00000151fff9b940 6461       4       com.oracle.truffle.js.parser.env.Environment::declareLocalVar (9 bytes)
Event: 76.713 Thread 0x00000151fff9b940 nmethod 6461 0x00000151f0376290 code [0x00000151f0376420, 0x00000151f0376840]

GC Heap History (20 events):
Event: 46.004 GC heap before
{Heap before GC invocations=38 (full 0):
 garbage-first heap   total 276480K, used 209274K [0x0000000703800000, 0x0000000800000000)
  region size 2048K, 31 young (63488K), 1 survivors (2048K)
 Metaspace       used 28080K, committed 28352K, reserved 1081344K
  class space    used 2803K, committed 2944K, reserved 1048576K
}
Event: 46.015 GC heap after
{Heap after GC invocations=39 (full 0):
 garbage-first heap   total 276480K, used 161792K [0x0000000703800000, 0x0000000800000000)
  region size 2048K, 4 young (8192K), 4 survivors (8192K)
 Metaspace       used 28080K, committed 28352K, reserved 1081344K
  class space    used 2803K, committed 2944K, reserved 1048576K
}
Event: 49.503 GC heap before
{Heap before GC invocations=40 (full 0):
 garbage-first heap   total 276480K, used 212992K [0x0000000703800000, 0x0000000800000000)
  region size 2048K, 30 young (61440K), 4 survivors (8192K)
 Metaspace       used 28084K, committed 28352K, reserved 1081344K
  class space    used 2803K, committed 2944K, reserved 1048576K
}
Event: 49.518 GC heap after
{Heap after GC invocations=41 (full 0):
 garbage-first heap   total 276480K, used 175198K [0x0000000703800000, 0x0000000800000000)
  region size 2048K, 4 young (8192K), 4 survivors (8192K)
 Metaspace       used 28084K, committed 28352K, reserved 1081344K
  class space    used 2803K, committed 2944K, reserved 1048576K
}
Event: 49.603 GC heap before
{Heap before GC invocations=41 (full 0):
 garbage-first heap   total 276480K, used 177246K [0x0000000703800000, 0x0000000800000000)
  region size 2048K, 6 young (12288K), 4 survivors (8192K)
 Metaspace       used 28093K, committed 28352K, reserved 1081344K
  class space    used 2803K, committed 2944K, reserved 1048576K
}
Event: 49.611 GC heap after
{Heap after GC invocations=42 (full 0):
 garbage-first heap   total 276480K, used 177396K [0x0000000703800000, 0x0000000800000000)
  region size 2048K, 1 young (2048K), 1 survivors (2048K)
 Metaspace       used 28093K, committed 28352K, reserved 1081344K
  class space    used 2803K, committed 2944K, reserved 1048576K
}
Event: 50.000 GC heap before
{Heap before GC invocations=42 (full 0):
 garbage-first heap   total 276480K, used 218356K [0x0000000703800000, 0x0000000800000000)
  region size 2048K, 21 young (43008K), 1 survivors (2048K)
 Metaspace       used 28106K, committed 28352K, reserved 1081344K
  class space    used 2804K, committed 2944K, reserved 1048576K
}
Event: 50.006 GC heap after
{Heap after GC invocations=43 (full 0):
 garbage-first heap   total 276480K, used 188254K [0x0000000703800000, 0x0000000800000000)
  region size 2048K, 3 young (6144K), 3 survivors (6144K)
 Metaspace       used 28106K, committed 28352K, reserved 1081344K
  class space    used 2804K, committed 2944K, reserved 1048576K
}
Event: 50.473 GC heap before
{Heap before GC invocations=43 (full 0):
 garbage-first heap   total 276480K, used 223070K [0x0000000703800000, 0x0000000800000000)
  region size 2048K, 20 young (40960K), 3 survivors (6144K)
 Metaspace       used 28108K, committed 28352K, reserved 1081344K
  class space    used 2804K, committed 2944K, reserved 1048576K
}
Event: 50.484 GC heap after
{Heap after GC invocations=44 (full 0):
 garbage-first heap   total 276480K, used 197229K [0x0000000703800000, 0x0000000800000000)
  region size 2048K, 3 young (6144K), 3 survivors (6144K)
 Metaspace       used 28108K, committed 28352K, reserved 1081344K
  class space    used 2804K, committed 2944K, reserved 1048576K
}
Event: 50.786 GC heap before
{Heap before GC invocations=44 (full 0):
 garbage-first heap   total 276480K, used 225901K [0x0000000703800000, 0x0000000800000000)
  region size 2048K, 17 young (34816K), 3 survivors (6144K)
 Metaspace       used 28114K, committed 28352K, reserved 1081344K
  class space    used 2804K, committed 2944K, reserved 1048576K
}
Event: 50.794 GC heap after
{Heap after GC invocations=45 (full 0):
 garbage-first heap   total 477184K, used 204124K [0x0000000703800000, 0x0000000800000000)
  region size 2048K, 3 young (6144K), 3 survivors (6144K)
 Metaspace       used 28114K, committed 28352K, reserved 1081344K
  class space    used 2804K, committed 2944K, reserved 1048576K
}
Event: 54.278 GC heap before
{Heap before GC invocations=45 (full 0):
 garbage-first heap   total 477184K, used 413020K [0x0000000703800000, 0x0000000800000000)
  region size 2048K, 71 young (145408K), 3 survivors (6144K)
 Metaspace       used 28121K, committed 28352K, reserved 1081344K
  class space    used 2804K, committed 2944K, reserved 1048576K
}
Event: 54.307 GC heap after
{Heap after GC invocations=46 (full 0):
 garbage-first heap   total 477184K, used 251737K [0x0000000703800000, 0x0000000800000000)
  region size 2048K, 9 young (18432K), 9 survivors (18432K)
 Metaspace       used 28121K, committed 28352K, reserved 1081344K
  class space    used 2804K, committed 2944K, reserved 1048576K
}
Event: 64.101 GC heap before
{Heap before GC invocations=46 (full 0):
 garbage-first heap   total 477184K, used 356185K [0x0000000703800000, 0x0000000800000000)
  region size 2048K, 60 young (122880K), 9 survivors (18432K)
 Metaspace       used 28121K, committed 28352K, reserved 1081344K
  class space    used 2804K, committed 2944K, reserved 1048576K
}
Event: 64.116 GC heap after
{Heap after GC invocations=47 (full 0):
 garbage-first heap   total 477184K, used 271247K [0x0000000703800000, 0x0000000800000000)
  region size 2048K, 8 young (16384K), 8 survivors (16384K)
 Metaspace       used 28121K, committed 28352K, reserved 1081344K
  class space    used 2804K, committed 2944K, reserved 1048576K
}
Event: 68.616 GC heap before
{Heap before GC invocations=47 (full 0):
 garbage-first heap   total 477184K, used 367503K [0x0000000703800000, 0x0000000800000000)
  region size 2048K, 55 young (112640K), 8 survivors (16384K)
 Metaspace       used 28163K, committed 28416K, reserved 1081344K
  class space    used 2804K, committed 2944K, reserved 1048576K
}
Event: 68.631 GC heap after
{Heap after GC invocations=48 (full 0):
 garbage-first heap   total 477184K, used 293959K [0x0000000703800000, 0x0000000800000000)
  region size 2048K, 7 young (14336K), 7 survivors (14336K)
 Metaspace       used 28163K, committed 28416K, reserved 1081344K
  class space    used 2804K, committed 2944K, reserved 1048576K
}
Event: 73.566 GC heap before
{Heap before GC invocations=48 (full 0):
 garbage-first heap   total 477184K, used 377927K [0x0000000703800000, 0x0000000800000000)
  region size 2048K, 48 young (98304K), 7 survivors (14336K)
 Metaspace       used 28189K, committed 28416K, reserved 1081344K
  class space    used 2804K, committed 2944K, reserved 1048576K
}
Event: 73.601 GC heap after
{Heap after GC invocations=49 (full 0):
 garbage-first heap   total 477184K, used 317101K [0x0000000703800000, 0x0000000800000000)
  region size 2048K, 6 young (12288K), 6 survivors (12288K)
 Metaspace       used 28189K, committed 28416K, reserved 1081344K
  class space    used 2804K, committed 2944K, reserved 1048576K
}

Deoptimization events (20 events):
Event: 68.979 Thread 0x000001518c2015f0 DEOPT PACKING pc=0x00000151f05516d4 sp=0x0000004db6dfc230
Event: 68.979 Thread 0x000001518c2015f0 DEOPT UNPACKING pc=0x00000151e8742945 sp=0x0000004db6dfb6c8 mode 3
Event: 68.980 Thread 0x000001518c2015f0 Uncommon trap: trap_request=0xffffffcd fr.pc=0x00000151f02c9f2e relative=0x0000000000000a8e
Event: 68.980 Thread 0x000001518c2015f0 Uncommon trap: reason=intrinsic_or_type_checked_inlining action=reinterpret pc=0x00000151f02c9f2e method=com.oracle.truffle.js.parser.GraalJSTranslator.findScopeVarCheckTDZ(Ljava/lang/String;Z)Lcom/oracle/truffle/js/parser/env/Environment$VarRef; @ 11 jvm
Event: 68.980 Thread 0x000001518c2015f0 DEOPT PACKING pc=0x00000151f02c9f2e sp=0x0000004db6dfc780
Event: 68.980 Thread 0x000001518c2015f0 DEOPT UNPACKING pc=0x00000151e8742945 sp=0x0000004db6dfbc38 mode 3
Event: 69.025 Thread 0x000001518c2015f0 Uncommon trap: trap_request=0xffffffed fr.pc=0x00000151f039d391 relative=0x0000000000001351
Event: 69.025 Thread 0x000001518c2015f0 Uncommon trap: reason=null_assert_or_unreached0 action=reinterpret pc=0x00000151f039d391 method=com.oracle.truffle.js.runtime.JSFrameUtil.getFlags(Lcom/oracle/truffle/api/frame/FrameSlot;)I @ 24 jvmci
Event: 69.025 Thread 0x000001518c2015f0 DEOPT PACKING pc=0x00000151f039d391 sp=0x0000004db6dfe4b0
Event: 69.025 Thread 0x000001518c2015f0 DEOPT UNPACKING pc=0x00000151e8742945 sp=0x0000004db6dfd778 mode 3
Event: 70.685 Thread 0x000001518c2015f0 Uncommon trap: trap_request=0xffffffed fr.pc=0x00000151f036c6ad relative=0x00000000000000ad
Event: 70.686 Thread 0x000001518c2015f0 Uncommon trap: reason=null_assert_or_unreached0 action=reinterpret pc=0x00000151f036c6ad method=com.oracle.js.parser.Parser.isAnonymousFunctionDefinition(Lcom/oracle/js/parser/ir/Expression;)Z @ 19 jvmci
Event: 70.686 Thread 0x000001518c2015f0 DEOPT PACKING pc=0x00000151f036c6ad sp=0x0000004db6dfd0d0
Event: 70.686 Thread 0x000001518c2015f0 DEOPT UNPACKING pc=0x00000151e8742945 sp=0x0000004db6dfc570 mode 3
Event: 70.686 Thread 0x000001518c2015f0 Uncommon trap: trap_request=0xffffffed fr.pc=0x00000151f0385085 relative=0x0000000000000265
Event: 70.686 Thread 0x000001518c2015f0 Uncommon trap: reason=null_assert_or_unreached0 action=reinterpret pc=0x00000151f0385085 method=com.oracle.js.parser.Parser.setAnonymousFunctionName(Lcom/oracle/js/parser/ir/Expression;Ljava/lang/String;)Lcom/oracle/js/parser/ir/Expression; @ 0 jvmci
Event: 70.686 Thread 0x000001518c2015f0 DEOPT PACKING pc=0x00000151f0385085 sp=0x0000004db6dfd0d0
Event: 70.686 Thread 0x000001518c2015f0 DEOPT UNPACKING pc=0x00000151e8742945 sp=0x0000004db6dfc550 mode 3
Event: 70.689 Thread 0x000001518c2015f0 DEOPT PACKING pc=0x00000151e92c6ccc sp=0x0000004db6dfcdc0
Event: 70.689 Thread 0x000001518c2015f0 DEOPT UNPACKING pc=0x00000151e8742945 sp=0x0000004db6dfc290 mode 0

Classes unloaded (0 events):
No events

Classes redefined (0 events):
No events

Internal exceptions (20 events):
Event: 1.589 Thread 0x00000151df462600 Exception <a 'java/lang/NoSuchMethodError'{0x00000007127b7c38}: 'java.lang.Object java.lang.invoke.DirectMethodHandle$Holder.invokeStaticInit(java.lang.Object, java.lang.Object, long, java.lang.Object)'> (0x00000007127b7c38) 
thrown [c:\users\buildbot\worker\e\main\jdk\src\hotspot\share\interpreter\linkResolver.cpp, line 766]
Event: 1.590 Thread 0x00000151df462600 Exception <a 'java/lang/NoSuchMethodError'{0x00000007127be2c0}: 'java.lang.Object java.lang.invoke.DirectMethodHandle$Holder.newInvokeSpecial(java.lang.Object, java.lang.Object, long)'> (0x00000007127be2c0) 
thrown [c:\users\buildbot\worker\e\main\jdk\src\hotspot\share\interpreter\linkResolver.cpp, line 766]
Event: 1.590 Thread 0x00000151df462600 Exception <a 'java/lang/NoSuchMethodError'{0x00000007127c25b0}: 'java.lang.Object java.lang.invoke.Invokers$Holder.linkToTargetMethod(java.lang.Object, long, java.lang.Object)'> (0x00000007127c25b0) 
thrown [c:\users\buildbot\worker\e\main\jdk\src\hotspot\share\interpreter\linkResolver.cpp, line 766]
Event: 1.690 Thread 0x00000151df462600 Exception <a 'java/lang/NoSuchMethodError'{0x00000007124fd490}: 'java.lang.Object java.lang.invoke.DirectMethodHandle$Holder.invokeStatic(java.lang.Object, int, java.lang.Object)'> (0x00000007124fd490) 
thrown [c:\users\buildbot\worker\e\main\jdk\src\hotspot\share\interpreter\linkResolver.cpp, line 766]
Event: 1.698 Thread 0x00000151df462600 Exception <a 'java/lang/NoSuchMethodError'{0x000000071250b560}: 'void java.lang.invoke.DirectMethodHandle$Holder.invokeSpecial(java.lang.Object, java.lang.Object, java.lang.Object)'> (0x000000071250b560) 
thrown [c:\users\buildbot\worker\e\main\jdk\src\hotspot\share\interpreter\linkResolver.cpp, line 766]
Event: 1.773 Thread 0x00000151df462600 Exception <a 'java/lang/ClassNotFoundException'{0x0000000712546510}: sun/util/logging/resources/spi/loggingProvider> (0x0000000712546510) 
thrown [c:\users\buildbot\worker\e\main\jdk\src\hotspot\share\classfile\systemDictionary.cpp, line 256]
Event: 1.781 Thread 0x000001518c2015f0 Exception <a 'java/lang/NoSuchMethodError'{0x000000071244c2f8}: 'void java.lang.invoke.DirectMethodHandle$Holder.invokeStatic(java.lang.Object, java.lang.Object, java.lang.Object, java.lang.Object)'> (0x000000071244c2f8) 
thrown [c:\users\buildbot\worker\e\main\jdk\src\hotspot\share\interpreter\linkResolver.cpp, line 766]
Event: 1.835 Thread 0x000001518c2015f0 Implicit null exception at 0x00000151f01f26fe to 0x00000151f01f2c3a
Event: 1.835 Thread 0x000001518c2015f0 Implicit null exception at 0x00000151f01ecf10 to 0x00000151f01ed1e7
Event: 2.232 Thread 0x00000151df462600 Exception <a 'sun/nio/fs/WindowsException'{0x00000007132f3ab8}> (0x00000007132f3ab8) 
thrown [c:\users\buildbot\worker\e\main\jdk\src\hotspot\share\prims\jni.cpp, line 516]
Event: 2.289 Thread 0x00000151df462600 Exception <a 'java/lang/NoSuchMethodError'{0x0000000712eb1448}: 'int java.lang.invoke.DirectMethodHandle$Holder.invokeStaticInit(java.lang.Object, java.lang.Object, java.lang.Object)'> (0x0000000712eb1448) 
thrown [c:\users\buildbot\worker\e\main\jdk\src\hotspot\share\interpreter\linkResolver.cpp, line 766]
Event: 2.299 Thread 0x00000151df462600 Exception <a 'java/lang/NoSuchMethodError'{0x0000000712ec25e8}: 'void java.lang.invoke.DirectMethodHandle$Holder.invokeSpecial(java.lang.Object, java.lang.Object, java.lang.Object, java.lang.Object, java.lang.Object)'> (0x0000000712ec25e8) 
thrown [c:\users\buildbot\worker\e\main\jdk\src\hotspot\share\interpreter\linkResolver.cpp, line 766]
Event: 2.336 Thread 0x00000151df462600 Implicit null exception at 0x00000151f01e9c55 to 0x00000151f01ea10b
Event: 2.336 Thread 0x00000151df462600 Implicit null exception at 0x00000151f01f3b55 to 0x00000151f01f400b
Event: 2.534 Thread 0x000001518c2015f0 Exception <a 'sun/nio/fs/WindowsException'{0x0000000712d972d8}> (0x0000000712d972d8) 
thrown [c:\users\buildbot\worker\e\main\jdk\src\hotspot\share\prims\jni.cpp, line 516]
Event: 2.737 Thread 0x00000151df462600 Exception <a 'java/lang/NoSuchMethodError'{0x0000000712b136f8}: 'int java.lang.invoke.DirectMethodHandle$Holder.invokeStatic(java.lang.Object)'> (0x0000000712b136f8) 
thrown [c:\users\buildbot\worker\e\main\jdk\src\hotspot\share\interpreter\linkResolver.cpp, line 766]
Event: 2.739 Thread 0x00000151df462600 Exception <a 'sun/nio/fs/WindowsException'{0x0000000712b18ee0}> (0x0000000712b18ee0) 
thrown [c:\users\buildbot\worker\e\main\jdk\src\hotspot\share\prims\jni.cpp, line 516]
Event: 2.742 Thread 0x00000151df462600 Exception <a 'sun/nio/fs/WindowsException'{0x0000000712b227c8}> (0x0000000712b227c8) 
thrown [c:\users\buildbot\worker\e\main\jdk\src\hotspot\share\prims\jni.cpp, line 516]
Event: 3.386 Thread 0x000001518c2015f0 Exception <a 'java/lang/NoSuchMethodError'{0x00000007120a84e8}: 'java.lang.Object java.lang.invoke.DirectMethodHandle$Holder.invokeInterface(java.lang.Object, java.lang.Object)'> (0x00000007120a84e8) 
thrown [c:\users\buildbot\worker\e\main\jdk\src\hotspot\share\interpreter\linkResolver.cpp, line 766]
Event: 4.450 Thread 0x000001518c2015f0 Exception <a 'java/lang/NoSuchMethodError'{0x0000000705090410}: 'java.lang.Object java.lang.invoke.DirectMethodHandle$Holder.invokeVirtual(java.lang.Object, java.lang.Object, java.lang.Object)'> (0x0000000705090410) 
thrown [c:\users\buildbot\worker\e\main\jdk\src\hotspot\share\interpreter\linkResolver.cpp, line 766]

VM Operations (20 events):
Event: 66.126 Executing VM operation: Cleanup
Event: 66.126 Executing VM operation: Cleanup done
Event: 67.134 Executing VM operation: Cleanup
Event: 67.134 Executing VM operation: Cleanup done
Event: 68.147 Executing VM operation: Cleanup
Event: 68.147 Executing VM operation: Cleanup done
Event: 68.616 Executing VM operation: G1CollectForAllocation
Event: 68.631 Executing VM operation: G1CollectForAllocation done
Event: 69.210 Executing VM operation: HandshakeAllThreads
Event: 69.210 Executing VM operation: HandshakeAllThreads done
Event: 69.458 Executing VM operation: HandshakeAllThreads
Event: 69.458 Executing VM operation: HandshakeAllThreads done
Event: 69.496 Executing VM operation: HandshakeAllThreads
Event: 69.496 Executing VM operation: HandshakeAllThreads done
Event: 70.508 Executing VM operation: Cleanup
Event: 70.508 Executing VM operation: Cleanup done
Event: 71.523 Executing VM operation: Cleanup
Event: 71.544 Executing VM operation: Cleanup done
Event: 73.566 Executing VM operation: G1CollectForAllocation
Event: 73.601 Executing VM operation: G1CollectForAllocation done

Events (20 events):
Event: 69.501 Thread 0x00000151fff9f4d0 flushing nmethod 0x00000151e9642310
Event: 69.501 Thread 0x00000151fff9f4d0 flushing nmethod 0x00000151e964ef90
Event: 69.501 Thread 0x00000151fff9f4d0 flushing nmethod 0x00000151e9673f90
Event: 69.501 Thread 0x00000151fff9f4d0 flushing nmethod 0x00000151e9676210
Event: 69.501 Thread 0x00000151fff9f4d0 flushing nmethod 0x00000151e9685a10
Event: 69.501 Thread 0x00000151fff9f4d0 flushing nmethod 0x00000151e96ae190
Event: 69.501 Thread 0x00000151fff9f4d0 flushing nmethod 0x00000151e96c2e90
Event: 69.501 Thread 0x00000151fff9f4d0 flushing nmethod 0x00000151e96c5d90
Event: 69.501 Thread 0x00000151fff9f4d0 flushing nmethod 0x00000151e96d7790
Event: 69.501 Thread 0x00000151fff9f4d0 flushing nmethod 0x00000151e96e0410
Event: 69.501 Thread 0x00000151fff9f4d0 flushing nmethod 0x00000151e96e0810
Event: 69.501 Thread 0x00000151fff9f4d0 flushing nmethod 0x00000151e96e1990
Event: 69.501 Thread 0x00000151fff9f4d0 flushing nmethod 0x00000151e970a110
Event: 69.501 Thread 0x00000151fff9f4d0 flushing nmethod 0x00000151e971bb90
Event: 69.501 Thread 0x00000151fff9f4d0 flushing nmethod 0x00000151e971df90
Event: 69.501 Thread 0x00000151fff9f4d0 flushing nmethod 0x00000151e971ff10
Event: 69.501 Thread 0x00000151fff9f4d0 flushing nmethod 0x00000151e9735610
Event: 69.501 Thread 0x00000151fff9f4d0 flushing nmethod 0x00000151e9749f90
Event: 69.501 Thread 0x00000151fff9f4d0 flushing nmethod 0x00000151e977e210
Event: 69.501 Thread 0x00000151fff9f4d0 flushing nmethod 0x00000151e97bc110


Dynamic libraries:
0x00007ff75d8c0000 - 0x00007ff75d8ce000 	c:\Users\Rani Jammal\Desktop\graalvm-ce-java17-22.0.0-dev\bin\java.exe
0x00007ffba81f0000 - 0x00007ffba83e5000 	C:\WINDOWS\SYSTEM32\ntdll.dll
0x00007ffba6440000 - 0x00007ffba64fe000 	C:\WINDOWS\System32\KERNEL32.DLL
0x00007ffba5940000 - 0x00007ffba5c08000 	C:\WINDOWS\System32\KERNELBASE.dll
0x00007ffba5f30000 - 0x00007ffba6030000 	C:\WINDOWS\System32\ucrtbase.dll
0x00007ffb8fe80000 - 0x00007ffb8fe98000 	c:\Users\Rani Jammal\Desktop\graalvm-ce-java17-22.0.0-dev\bin\jli.dll
0x00007ffba7200000 - 0x00007ffba73a1000 	C:\WINDOWS\System32\USER32.dll
0x00007ffba6030000 - 0x00007ffba6052000 	C:\WINDOWS\System32\win32u.dll
0x00007ffb91770000 - 0x00007ffb9178a000 	c:\Users\Rani Jammal\Desktop\graalvm-ce-java17-22.0.0-dev\bin\VCRUNTIME140.dll
0x00007ffb92520000 - 0x00007ffb927ba000 	C:\WINDOWS\WinSxS\amd64_microsoft.windows.common-controls_6595b64144ccf1df_6.0.19041.1110_none_60b5254171f9507e\COMCTL32.dll
0x00007ffba63f0000 - 0x00007ffba641b000 	C:\WINDOWS\System32\GDI32.dll
0x00007ffba8050000 - 0x00007ffba80ee000 	C:\WINDOWS\System32\msvcrt.dll
0x00007ffba5e20000 - 0x00007ffba5f2b000 	C:\WINDOWS\System32\gdi32full.dll
0x00007ffba6060000 - 0x00007ffba60fd000 	C:\WINDOWS\System32\msvcp_win.dll
0x00007ffba6980000 - 0x00007ffba69b0000 	C:\WINDOWS\System32\IMM32.DLL
0x00007ffb98f00000 - 0x00007ffb98f0c000 	c:\Users\Rani Jammal\Desktop\graalvm-ce-java17-22.0.0-dev\bin\vcruntime140_1.dll
0x00007ffb81e70000 - 0x00007ffb81efd000 	c:\Users\Rani Jammal\Desktop\graalvm-ce-java17-22.0.0-dev\bin\msvcp140.dll
0x00007ffb28140000 - 0x00007ffb28d02000 	c:\Users\Rani Jammal\Desktop\graalvm-ce-java17-22.0.0-dev\bin\server\jvm.dll
0x00007ffba6a10000 - 0x00007ffba6abc000 	C:\WINDOWS\System32\ADVAPI32.dll
0x00007ffba6b70000 - 0x00007ffba6c0b000 	C:\WINDOWS\System32\sechost.dll
0x00007ffba65d0000 - 0x00007ffba66fa000 	C:\WINDOWS\System32\RPCRT4.dll
0x00007ffba77e0000 - 0x00007ffba77e8000 	C:\WINDOWS\System32\PSAPI.DLL
0x00007ffb98df0000 - 0x00007ffb98df9000 	C:\WINDOWS\SYSTEM32\WSOCK32.dll
0x00007ffba7770000 - 0x00007ffba77db000 	C:\WINDOWS\System32\WS2_32.dll
0x00007ffba12c0000 - 0x00007ffba12ca000 	C:\WINDOWS\SYSTEM32\VERSION.dll
0x00007ffb86e80000 - 0x00007ffb86ea7000 	C:\WINDOWS\SYSTEM32\WINMM.dll
0x00007ffba37f0000 - 0x00007ffba3802000 	C:\WINDOWS\SYSTEM32\kernel.appcore.dll
0x00007ffb96240000 - 0x00007ffb9624a000 	c:\Users\Rani Jammal\Desktop\graalvm-ce-java17-22.0.0-dev\bin\jimage.dll
0x00007ffb99220000 - 0x00007ffb99404000 	C:\WINDOWS\SYSTEM32\DBGHELP.DLL
0x00007ffb99d20000 - 0x00007ffb99d4c000 	C:\WINDOWS\SYSTEM32\dbgcore.DLL
0x00007ffba6160000 - 0x00007ffba61e3000 	C:\WINDOWS\System32\bcryptPrimitives.dll
0x00007ffb8fe10000 - 0x00007ffb8fe35000 	c:\Users\Rani Jammal\Desktop\graalvm-ce-java17-22.0.0-dev\bin\java.dll
0x00007ffb81570000 - 0x00007ffb81646000 	c:\Users\Rani Jammal\Desktop\graalvm-ce-java17-22.0.0-dev\bin\svml.dll
0x00007ffba77f0000 - 0x00007ffba7f2f000 	C:\WINDOWS\System32\SHELL32.dll
0x00007ffba39f0000 - 0x00007ffba4180000 	C:\WINDOWS\SYSTEM32\windows.storage.dll
0x00007ffba7410000 - 0x00007ffba7765000 	C:\WINDOWS\System32\combase.dll
0x00007ffba5280000 - 0x00007ffba52ae000 	C:\WINDOWS\SYSTEM32\Wldp.dll
0x00007ffba80f0000 - 0x00007ffba819d000 	C:\WINDOWS\System32\SHCORE.dll
0x00007ffba6700000 - 0x00007ffba6755000 	C:\WINDOWS\System32\shlwapi.dll
0x00007ffba5850000 - 0x00007ffba586f000 	C:\WINDOWS\SYSTEM32\profapi.dll
0x00007ffb26050000 - 0x00007ffb28136000 	c:\Users\Rani Jammal\Desktop\graalvm-ce-java17-22.0.0-dev\bin\jvmcicompiler.dll
0x00007ffba53d0000 - 0x00007ffba53f7000 	C:\WINDOWS\SYSTEM32\ncrypt.dll
0x00007ffba57d0000 - 0x00007ffba57fe000 	C:\WINDOWS\SYSTEM32\USERENV.dll
0x00007ffba4d20000 - 0x00007ffba4d5b000 	C:\WINDOWS\SYSTEM32\IPHLPAPI.DLL
0x00007ffba5390000 - 0x00007ffba53cb000 	C:\WINDOWS\SYSTEM32\NTASN1.dll
0x00007ffb8fe60000 - 0x00007ffb8fe79000 	C:\Users\Rani Jammal\Desktop\graalvm-ce-java17-22.0.0-dev\bin\net.dll
0x00007ffb9ee50000 - 0x00007ffb9ef5c000 	C:\WINDOWS\SYSTEM32\WINHTTP.dll
0x00007ffba5060000 - 0x00007ffba50ca000 	C:\WINDOWS\system32\mswsock.dll
0x00007ffb8e4e0000 - 0x00007ffb8e4f5000 	C:\Users\Rani Jammal\Desktop\graalvm-ce-java17-22.0.0-dev\bin\nio.dll
0x00007ffb84d80000 - 0x00007ffb84d98000 	C:\Users\Rani Jammal\Desktop\graalvm-ce-java17-22.0.0-dev\bin\zip.dll
0x00007ffb92df0000 - 0x00007ffb92e00000 	c:\Users\Rani Jammal\Desktop\graalvm-ce-java17-22.0.0-dev\bin\verify.dll
0x00007ffba81a0000 - 0x00007ffba81a8000 	C:\WINDOWS\System32\NSI.dll
0x00007ffba0980000 - 0x00007ffba0997000 	C:\WINDOWS\SYSTEM32\dhcpcsvc6.DLL
0x00007ffba0940000 - 0x00007ffba095d000 	C:\WINDOWS\SYSTEM32\dhcpcsvc.DLL
0x00007ffba4d60000 - 0x00007ffba4e2b000 	C:\WINDOWS\SYSTEM32\DNSAPI.dll
0x00007ffb922a0000 - 0x00007ffb922aa000 	C:\Users\Rani Jammal\AppData\Local\Temp\jansi-8d96f40da8970ddd48af4517512a0fdd077c33da.dll

dbghelp: loaded successfully - version: 4.0.5 - missing functions: none
symbol engine: initialized successfully - sym options: 0x614 - pdb path: .;c:\Users\Rani Jammal\Desktop\graalvm-ce-java17-22.0.0-dev\bin;C:\WINDOWS\SYSTEM32;C:\WINDOWS\WinSxS\amd64_microsoft.windows.common-controls_6595b64144ccf1df_6.0.19041.1110_none_60b5254171f9507e;c:\Users\Rani Jammal\Desktop\graalvm-ce-java17-22.0.0-dev\bin\server;C:\Users\Rani Jammal\AppData\Local\Temp

VM Arguments:
jvm_args: -XX:ThreadPriorityPolicy=1 -XX:+UnlockExperimentalVMOptions -XX:+EnableJVMCIProduct -XX:-UnlockExperimentalVMOptions -Dorg.graalvm.launcher.shell=true -Dorg.graalvm.launcher.executablename=c:\Users\Rani Jammal\Desktop\graalvm-ce-java17-22.0.0-dev\lib\polyglot\bin\polyglot.cmd 
java_command: org.graalvm.launcher.PolyglotLauncher --lsp=33776 --experimental-options --shell
java_class_path (initial): c:\Users\Rani Jammal\Desktop\graalvm-ce-java17-22.0.0-dev\lib\polyglot\bin\..\..\graalvm\launcher-common.jar
Launcher Type: SUN_STANDARD

[Global flags]
     intx CICompilerCount                          = 4                                         {product} {ergonomic}
     uint ConcGCThreads                            = 3                                         {product} {ergonomic}
     bool EnableJVMCIProduct                       = true                                {JVMCI product} {jimage}
     uint G1ConcRefinementThreads                  = 10                                        {product} {ergonomic}
   size_t G1HeapRegionSize                         = 2097152                                   {product} {ergonomic}
    uintx GCDrainStackTargetSize                   = 64                                        {product} {ergonomic}
   size_t InitialHeapSize                          = 266338304                                 {product} {ergonomic}
   size_t MarkStackSize                            = 4194304                                   {product} {ergonomic}
   size_t MaxHeapSize                              = 4236247040                                {product} {ergonomic}
   size_t MaxNewSize                               = 2541748224                                {product} {ergonomic}
   size_t MinHeapDeltaBytes                        = 2097152                                   {product} {ergonomic}
   size_t MinHeapSize                              = 8388608                                   {product} {ergonomic}
    uintx NonNMethodCodeHeapSize                   = 5839372                                {pd product} {ergonomic}
    uintx NonProfiledCodeHeapSize                  = 122909434                              {pd product} {ergonomic}
    uintx ProfiledCodeHeapSize                     = 122909434                              {pd product} {ergonomic}
    uintx ReservedCodeCacheSize                    = 251658240                              {pd product} {ergonomic}
     bool SegmentedCodeCache                       = true                                      {product} {ergonomic}
   size_t SoftMaxHeapSize                          = 4236247040                             {manageable} {ergonomic}
     intx ThreadPriorityPolicy                     = 1                                         {product} {jimage}
     bool UseCompressedClassPointers               = true                           {product lp64_product} {ergonomic}
     bool UseCompressedOops                        = true                           {product lp64_product} {ergonomic}
     bool UseG1GC                                  = true                                      {product} {ergonomic}
     bool UseLargePagesIndividualAllocation        = false                                  {pd product} {ergonomic}

Logging:
Log output configuration:
 #0: stdout all=warning uptime,level,tags
 #1: stderr all=off uptime,level,tags

Environment Variables:
PATH=C:\Program Files (x86)\Razer\ChromaBroadcast\bin;C:\Program Files\Razer\ChromaBroadcast\bin;C:\Python38\Scripts\;C:\Python38\;C:\WINDOWS\system32;C:\WINDOWS;C:\WINDOWS\System32\Wbem;C:\WINDOWS\System32\WindowsPowerShell\v1.0\;C:\WINDOWS\System32\OpenSSH\;C:\Program Files (x86)\Intel\Intel(R) Management Engine Components\DAL;C:\Program Files\Intel\Intel(R) Management Engine Components\DAL;C:\Program Files\nodejs\;C:\ProgramData\chocolatey\bin;C:\Program Files\Git\cmd;C:\Program Files\Redis\;C:\WINDOWS\system32\config\systemprofile\AppData\Local\Microsoft\WindowsApps;;C:\Program Files\dotnet\;C:\Program Files\Docker\Docker\resources\bin;C:\ProgramData\DockerDesktop\version-bin;C:\Users\Rani Jammal\AppData\Local\Microsoft\WindowsApps;C:\Users\Rani Jammal\AppData\Roaming\npm;C:\Users\Rani Jammal\AppData\Local\Programs\Microsoft VS Code\bin;C:\Users\Rani Jammal\AppData\Local\gitkraken\bin;C:\Program Files\JetBrains\IntelliJ IDEA Community Edition 2021.1.1\bin;
USERNAME=Rani Jammal
OS=Windows_NT
PROCESSOR_IDENTIFIER=Intel64 Family 6 Model 158 Stepping 10, GenuineIntel



---------------  S Y S T E M  ---------------

OS:
 Windows 10 , 64 bit Build 19041 (10.0.19041.1348)
OS uptime: 13 days 22:10 hours
Hyper-V role detected

CPU: total 12 (initial active 12) (6 cores per cpu, 2 threads per core) family 6 model 158 stepping 10 microcode 0xca, cx8, cmov, fxsr, ht, mmx, 3dnowpref, sse, sse2, sse3, ssse3, sse4.1, sse4.2, popcnt, lzcnt, tsc, tscinvbit, avx, avx2, aes, erms, clmul, bmi1, bmi2, rtm, adx, fma, vzeroupper, clflush, clflushopt, hv

Memory: 4k page, system-wide physical 16158M (276M free)
TotalPageFile size 46568M (AvailPageFile size 20M)
current process WorkingSet (physical memory assigned to process): 618M, peak: 618M
current process commit charge ("private bytes"): 658M, peak: 662M

vm_info: OpenJDK 64-Bit Server VM (17+35-jvmci-21.3-b03) for windows-amd64 JRE (17+35-jvmci-21.3-b03), built on Sep 18 2021 05:14:59 by "" with MS VC++ 16.8 (VS2019)

END.
